EtherAppCli_n.cc:97:1: warning: deprecated conversion from string constant to 'char*' [-Wwrite-strings]
EtherAppCli_n.cc:97:1: warning: deprecated conversion from string constant to 'char*' [-Wwrite-strings]
EtherAppCli_n.cc:97:1: warning: deprecated conversion from string constant to 'char*' [-Wwrite-strings]
EtherAppCli_n.cc:97:1: warning: deprecated conversion from string constant to 'char*' [-Wwrite-strings]
EtherAppCli_n.cc:97:1: warning: deprecated conversion from string constant to 'char*' [-Wwrite-strings]
EtherAppCli_n.cc:97:1: warning: deprecated conversion from string constant to 'char*' [-Wwrite-strings]
EtherAppCli_n.cc:97:1: warning: deprecated conversion from string constant to 'char*' [-Wwrite-strings]
EtherAppCli_n.cc:97:1: warning: deprecated conversion from string constant to 'char*' [-Wwrite-strings]
EtherAppCli_n.cc:97:1: warning: deprecated conversion from string constant to 'char*' [-Wwrite-strings]
EtherAppCli_n.cc:97:1: warning: deprecated conversion from string constant to 'char*' [-Wwrite-strings]
EtherAppCli_n.cc:97:1: warning: deprecated conversion from string constant to 'char*' [-Wwrite-strings]
EtherAppCli_n.cc:97:1: warning: deprecated conversion from string constant to 'char*' [-Wwrite-strings]
EtherAppCli_n.cc:97:1: warning: deprecated conversion from string constant to 'char*' [-Wwrite-strings]
EtherAppCli_n.cc:97:1: warning: deprecated conversion from string constant to 'char*' [-Wwrite-strings]
EtherAppCli_n.cc:97:1: warning: deprecated conversion from string constant to 'char*' [-Wwrite-strings]
EtherAppSrv_n.cc:92:1: warning: deprecated conversion from string constant to 'char*' [-Wwrite-strings]
EtherAppSrv_n.cc:92:1: warning: deprecated conversion from string constant to 'char*' [-Wwrite-strings]
EtherAppSrv_n.cc:92:1: warning: deprecated conversion from string constant to 'char*' [-Wwrite-strings]
EtherAppSrv_n.cc:92:1: warning: deprecated conversion from string constant to 'char*' [-Wwrite-strings]
EtherAppSrv_n.cc:92:1: warning: deprecated conversion from string constant to 'char*' [-Wwrite-strings]
EtherBus_n.cc:94:1: warning: deprecated conversion from string constant to 'char*' [-Wwrite-strings]
EtherBus_n.cc:94:1: warning: deprecated conversion from string constant to 'char*' [-Wwrite-strings]
EtherBus_n.cc:94:1: warning: deprecated conversion from string constant to 'char*' [-Wwrite-strings]
EtherBus_n.cc:94:1: warning: deprecated conversion from string constant to 'char*' [-Wwrite-strings]
EtherBus_n.cc:94:1: warning: deprecated conversion from string constant to 'char*' [-Wwrite-strings]
EtherBus_n.cc:94:1: warning: deprecated conversion from string constant to 'char*' [-Wwrite-strings]
EtherBus_n.cc:94:1: warning: deprecated conversion from string constant to 'char*' [-Wwrite-strings]
EtherBus_n.cc:94:1: warning: deprecated conversion from string constant to 'char*' [-Wwrite-strings]
EtherBus_n.cc:94:1: warning: deprecated conversion from string constant to 'char*' [-Wwrite-strings]
EtherEncap_n.cc:94:1: warning: deprecated conversion from string constant to 'char*' [-Wwrite-strings]
EtherEncap_n.cc:94:1: warning: deprecated conversion from string constant to 'char*' [-Wwrite-strings]
EtherEncap_n.cc:94:1: warning: deprecated conversion from string constant to 'char*' [-Wwrite-strings]
EtherEncap_n.cc:94:1: warning: deprecated conversion from string constant to 'char*' [-Wwrite-strings]
EtherEncap_n.cc:94:1: warning: deprecated conversion from string constant to 'char*' [-Wwrite-strings]
EtherEncap_n.cc:94:1: warning: deprecated conversion from string constant to 'char*' [-Wwrite-strings]
EtherEncap_n.cc:94:1: warning: deprecated conversion from string constant to 'char*' [-Wwrite-strings]
EtherHost_n.cc:91:1: warning: deprecated conversion from string constant to 'char*' [-Wwrite-strings]
EtherHost_n.cc:91:1: warning: deprecated conversion from string constant to 'char*' [-Wwrite-strings]
EtherHost_n.cc:91:1: warning: deprecated conversion from string constant to 'char*' [-Wwrite-strings]
EtherHub_n.cc:92:1: warning: deprecated conversion from string constant to 'char*' [-Wwrite-strings]
EtherHub_n.cc:92:1: warning: deprecated conversion from string constant to 'char*' [-Wwrite-strings]
EtherHub_n.cc:92:1: warning: deprecated conversion from string constant to 'char*' [-Wwrite-strings]
EtherHub_n.cc:92:1: warning: deprecated conversion from string constant to 'char*' [-Wwrite-strings]
EtherHub_n.cc:92:1: warning: deprecated conversion from string constant to 'char*' [-Wwrite-strings]
EtherLLC_n.cc:94:1: warning: deprecated conversion from string constant to 'char*' [-Wwrite-strings]
EtherLLC_n.cc:94:1: warning: deprecated conversion from string constant to 'char*' [-Wwrite-strings]
EtherLLC_n.cc:94:1: warning: deprecated conversion from string constant to 'char*' [-Wwrite-strings]
EtherLLC_n.cc:94:1: warning: deprecated conversion from string constant to 'char*' [-Wwrite-strings]
EtherLLC_n.cc:94:1: warning: deprecated conversion from string constant to 'char*' [-Wwrite-strings]
EtherLLC_n.cc:94:1: warning: deprecated conversion from string constant to 'char*' [-Wwrite-strings]
EtherLLC_n.cc:94:1: warning: deprecated conversion from string constant to 'char*' [-Wwrite-strings]
EtherMAC_n.cc:99:1: warning: deprecated conversion from string constant to 'char*' [-Wwrite-strings]
EtherMAC_n.cc:99:1: warning: deprecated conversion from string constant to 'char*' [-Wwrite-strings]
EtherMAC_n.cc:99:1: warning: deprecated conversion from string constant to 'char*' [-Wwrite-strings]
EtherMAC_n.cc:99:1: warning: deprecated conversion from string constant to 'char*' [-Wwrite-strings]
EtherMAC_n.cc:99:1: warning: deprecated conversion from string constant to 'char*' [-Wwrite-strings]
EtherMAC_n.cc:99:1: warning: deprecated conversion from string constant to 'char*' [-Wwrite-strings]
EtherMAC_n.cc:99:1: warning: deprecated conversion from string constant to 'char*' [-Wwrite-strings]
EtherMAC_n.cc:99:1: warning: deprecated conversion from string constant to 'char*' [-Wwrite-strings]
EtherMAC_n.cc:99:1: warning: deprecated conversion from string constant to 'char*' [-Wwrite-strings]
EtherMAC_n.cc:99:1: warning: deprecated conversion from string constant to 'char*' [-Wwrite-strings]
EtherMAC_n.cc:99:1: warning: deprecated conversion from string constant to 'char*' [-Wwrite-strings]
EtherMAC_n.cc:99:1: warning: deprecated conversion from string constant to 'char*' [-Wwrite-strings]
EtherMAC_n.cc:99:1: warning: deprecated conversion from string constant to 'char*' [-Wwrite-strings]
EtherMAC_n.cc:99:1: warning: deprecated conversion from string constant to 'char*' [-Wwrite-strings]
EtherMAC_n.cc:99:1: warning: deprecated conversion from string constant to 'char*' [-Wwrite-strings]
EtherMAC_n.cc:99:1: warning: deprecated conversion from string constant to 'char*' [-Wwrite-strings]
EtherMAC_n.cc:99:1: warning: deprecated conversion from string constant to 'char*' [-Wwrite-strings]
EtherSwitch_n.cc:92:1: warning: deprecated conversion from string constant to 'char*' [-Wwrite-strings]
EtherSwitch_n.cc:92:1: warning: deprecated conversion from string constant to 'char*' [-Wwrite-strings]
EtherSwitch_n.cc:92:1: warning: deprecated conversion from string constant to 'char*' [-Wwrite-strings]
EtherSwitch_n.cc:92:1: warning: deprecated conversion from string constant to 'char*' [-Wwrite-strings]
EtherSwitch_n.cc:92:1: warning: deprecated conversion from string constant to 'char*' [-Wwrite-strings]
LargeNet_n.cc:115:1: warning: deprecated conversion from string constant to 'char*' [-Wwrite-strings]
LargeNet_n.cc:115:1: warning: deprecated conversion from string constant to 'char*' [-Wwrite-strings]
LargeNet_n.cc:115:1: warning: deprecated conversion from string constant to 'char*' [-Wwrite-strings]
LargeNet_n.cc:115:1: warning: deprecated conversion from string constant to 'char*' [-Wwrite-strings]
LargeNet_n.cc:115:1: warning: deprecated conversion from string constant to 'char*' [-Wwrite-strings]
LargeNet_n.cc:354:1: warning: deprecated conversion from string constant to 'char*' [-Wwrite-strings]
LargeNet_n.cc:354:1: warning: deprecated conversion from string constant to 'char*' [-Wwrite-strings]
LargeNet_n.cc:354:1: warning: deprecated conversion from string constant to 'char*' [-Wwrite-strings]
LargeNet_n.cc:354:1: warning: deprecated conversion from string constant to 'char*' [-Wwrite-strings]
LargeNet_n.cc:354:1: warning: deprecated conversion from string constant to 'char*' [-Wwrite-strings]
LargeNet_n.cc:354:1: warning: deprecated conversion from string constant to 'char*' [-Wwrite-strings]
LargeNet_n.cc:354:1: warning: deprecated conversion from string constant to 'char*' [-Wwrite-strings]
LargeNet_n.cc:800:1: warning: deprecated conversion from string constant to 'char*' [-Wwrite-strings]
LargeNet_n.cc:800:1: warning: deprecated conversion from string constant to 'char*' [-Wwrite-strings]
LargeNet_n.cc:800:1: warning: deprecated conversion from string constant to 'char*' [-Wwrite-strings]
LargeNet_n.cc:800:1: warning: deprecated conversion from string constant to 'char*' [-Wwrite-strings]
LargeNet_n.cc:800:1: warning: deprecated conversion from string constant to 'char*' [-Wwrite-strings]
LargeNet_n.cc:800:1: warning: deprecated conversion from string constant to 'char*' [-Wwrite-strings]
LargeNet_n.cc:800:1: warning: deprecated conversion from string constant to 'char*' [-Wwrite-strings]
LargeNet_n.cc:800:1: warning: deprecated conversion from string constant to 'char*' [-Wwrite-strings]
LargeNet_n.cc:800:1: warning: deprecated conversion from string constant to 'char*' [-Wwrite-strings]
LargeNet_n.cc:1468:1: warning: deprecated conversion from string constant to 'char*' [-Wwrite-strings]
LargeNet_n.cc:1468:1: warning: deprecated conversion from string constant to 'char*' [-Wwrite-strings]
LargeNet_n.cc:1468:1: warning: deprecated conversion from string constant to 'char*' [-Wwrite-strings]
LargeNet_n.cc:1468:1: warning: deprecated conversion from string constant to 'char*' [-Wwrite-strings]
LargeNet_n.cc:1468:1: warning: deprecated conversion from string constant to 'char*' [-Wwrite-strings]
LargeNet_n.cc:1468:1: warning: deprecated conversion from string constant to 'char*' [-Wwrite-strings]
LargeNet_n.cc:1468:1: warning: deprecated conversion from string constant to 'char*' [-Wwrite-strings]
LargeNet_n.cc:1468:1: warning: deprecated conversion from string constant to 'char*' [-Wwrite-strings]
LargeNet_n.cc:1468:1: warning: deprecated conversion from string constant to 'char*' [-Wwrite-strings]
LargeNet_n.cc:1468:1: warning: deprecated conversion from string constant to 'char*' [-Wwrite-strings]
LargeNet_n.cc:1468:1: warning: deprecated conversion from string constant to 'char*' [-Wwrite-strings]
LargeNet_n.cc:1468:1: warning: deprecated conversion from string constant to 'char*' [-Wwrite-strings]
LargeNet_n.cc:1468:1: warning: deprecated conversion from string constant to 'char*' [-Wwrite-strings]
LargeNet_n.cc:1468:1: warning: deprecated conversion from string constant to 'char*' [-Wwrite-strings]
LargeNet_n.cc:1468:1: warning: deprecated conversion from string constant to 'char*' [-Wwrite-strings]
LargeNet_n.cc:1468:1: warning: deprecated conversion from string constant to 'char*' [-Wwrite-strings]
LargeNet_n.cc:1468:1: warning: deprecated conversion from string constant to 'char*' [-Wwrite-strings]
LargeNet_n.cc:1468:1: warning: deprecated conversion from string constant to 'char*' [-Wwrite-strings]
LargeNet_n.cc:1468:1: warning: deprecated conversion from string constant to 'char*' [-Wwrite-strings]
LargeNet_n.cc:1468:1: warning: deprecated conversion from string constant to 'char*' [-Wwrite-strings]
LargeNet_n.cc:1468:1: warning: deprecated conversion from string constant to 'char*' [-Wwrite-strings]
LargeNet_n.cc:1468:1: warning: deprecated conversion from string constant to 'char*' [-Wwrite-strings]
LargeNet_n.cc:1468:1: warning: deprecated conversion from string constant to 'char*' [-Wwrite-strings]
LargeNet_n.cc:1468:1: warning: deprecated conversion from string constant to 'char*' [-Wwrite-strings]
LargeNet_n.cc:1468:1: warning: deprecated conversion from string constant to 'char*' [-Wwrite-strings]
LargeNet_n.cc:1468:1: warning: deprecated conversion from string constant to 'char*' [-Wwrite-strings]
LargeNet_n.cc:1468:1: warning: deprecated conversion from string constant to 'char*' [-Wwrite-strings]
LargeNet_n.cc:1468:1: warning: deprecated conversion from string constant to 'char*' [-Wwrite-strings]
LargeNet_n.cc:1468:1: warning: deprecated conversion from string constant to 'char*' [-Wwrite-strings]
LargeNet_n.cc:1468:1: warning: deprecated conversion from string constant to 'char*' [-Wwrite-strings]
LargeNet_n.cc:1468:1: warning: deprecated conversion from string constant to 'char*' [-Wwrite-strings]
LargeNet_n.cc:1468:1: warning: deprecated conversion from string constant to 'char*' [-Wwrite-strings]
LargeNet_n.cc:1468:1: warning: deprecated conversion from string constant to 'char*' [-Wwrite-strings]
MACRelayUnitNP_n.cc:100:1: warning: deprecated conversion from string constant to 'char*' [-Wwrite-strings]
MACRelayUnitNP_n.cc:100:1: warning: deprecated conversion from string constant to 'char*' [-Wwrite-strings]
MACRelayUnitNP_n.cc:100:1: warning: deprecated conversion from string constant to 'char*' [-Wwrite-strings]
MACRelayUnitNP_n.cc:100:1: warning: deprecated conversion from string constant to 'char*' [-Wwrite-strings]
MACRelayUnitNP_n.cc:100:1: warning: deprecated conversion from string constant to 'char*' [-Wwrite-strings]
MACRelayUnitNP_n.cc:100:1: warning: deprecated conversion from string constant to 'char*' [-Wwrite-strings]
MACRelayUnitNP_n.cc:100:1: warning: deprecated conversion from string constant to 'char*' [-Wwrite-strings]
MACRelayUnitNP_n.cc:100:1: warning: deprecated conversion from string constant to 'char*' [-Wwrite-strings]
MACRelayUnitNP_n.cc:100:1: warning: deprecated conversion from string constant to 'char*' [-Wwrite-strings]
MACRelayUnitNP_n.cc:100:1: warning: deprecated conversion from string constant to 'char*' [-Wwrite-strings]
MACRelayUnitNP_n.cc:100:1: warning: deprecated conversion from string constant to 'char*' [-Wwrite-strings]
MACRelayUnitNP_n.cc:100:1: warning: deprecated conversion from string constant to 'char*' [-Wwrite-strings]
MACRelayUnitNP_n.cc:100:1: warning: deprecated conversion from string constant to 'char*' [-Wwrite-strings]
MACRelayUnitNP_n.cc:100:1: warning: deprecated conversion from string constant to 'char*' [-Wwrite-strings]
MACRelayUnitNP_n.cc:100:1: warning: deprecated conversion from string constant to 'char*' [-Wwrite-strings]
MACRelayUnitNP_n.cc:100:1: warning: deprecated conversion from string constant to 'char*' [-Wwrite-strings]
MACRelayUnitNP_n.cc:100:1: warning: deprecated conversion from string constant to 'char*' [-Wwrite-strings]
MACRelayUnitNP_n.cc:100:1: warning: deprecated conversion from string constant to 'char*' [-Wwrite-strings]
MACRelayUnitNP_n.cc:100:1: warning: deprecated conversion from string constant to 'char*' [-Wwrite-strings]
MACRelayUnitNP_n.cc:100:1: warning: deprecated conversion from string constant to 'char*' [-Wwrite-strings]
MACRelayUnitNP_n.cc:100:1: warning: deprecated conversion from string constant to 'char*' [-Wwrite-strings]
MACRelayUnitPP_n.cc:99:1: warning: deprecated conversion from string constant to 'char*' [-Wwrite-strings]
MACRelayUnitPP_n.cc:99:1: warning: deprecated conversion from string constant to 'char*' [-Wwrite-strings]
MACRelayUnitPP_n.cc:99:1: warning: deprecated conversion from string constant to 'char*' [-Wwrite-strings]
MACRelayUnitPP_n.cc:99:1: warning: deprecated conversion from string constant to 'char*' [-Wwrite-strings]
MACRelayUnitPP_n.cc:99:1: warning: deprecated conversion from string constant to 'char*' [-Wwrite-strings]
MACRelayUnitPP_n.cc:99:1: warning: deprecated conversion from string constant to 'char*' [-Wwrite-strings]
MACRelayUnitPP_n.cc:99:1: warning: deprecated conversion from string constant to 'char*' [-Wwrite-strings]
MACRelayUnitPP_n.cc:99:1: warning: deprecated conversion from string constant to 'char*' [-Wwrite-strings]
MACRelayUnitPP_n.cc:99:1: warning: deprecated conversion from string constant to 'char*' [-Wwrite-strings]
MACRelayUnitPP_n.cc:99:1: warning: deprecated conversion from string constant to 'char*' [-Wwrite-strings]
MACRelayUnitPP_n.cc:99:1: warning: deprecated conversion from string constant to 'char*' [-Wwrite-strings]
MACRelayUnitPP_n.cc:99:1: warning: deprecated conversion from string constant to 'char*' [-Wwrite-strings]
MACRelayUnitPP_n.cc:99:1: warning: deprecated conversion from string constant to 'char*' [-Wwrite-strings]
MACRelayUnitPP_n.cc:99:1: warning: deprecated conversion from string constant to 'char*' [-Wwrite-strings]
MACRelayUnitPP_n.cc:99:1: warning: deprecated conversion from string constant to 'char*' [-Wwrite-strings]
MACRelayUnitPP_n.cc:99:1: warning: deprecated conversion from string constant to 'char*' [-Wwrite-strings]
MACRelayUnitPP_n.cc:99:1: warning: deprecated conversion from string constant to 'char*' [-Wwrite-strings]
MACRelayUnitPP_n.cc:99:1: warning: deprecated conversion from string constant to 'char*' [-Wwrite-strings]
MACRelayUnitPP_n.cc:99:1: warning: deprecated conversion from string constant to 'char*' [-Wwrite-strings]
MACRelayUnit_n.cc:94:1: warning: deprecated conversion from string constant to 'char*' [-Wwrite-strings]
MACRelayUnit_n.cc:94:1: warning: deprecated conversion from string constant to 'char*' [-Wwrite-strings]
MACRelayUnit_n.cc:94:1: warning: deprecated conversion from string constant to 'char*' [-Wwrite-strings]
MACRelayUnit_n.cc:94:1: warning: deprecated conversion from string constant to 'char*' [-Wwrite-strings]
MACRelayUnit_n.cc:94:1: warning: deprecated conversion from string constant to 'char*' [-Wwrite-strings]
MACRelayUnit_n.cc:94:1: warning: deprecated conversion from string constant to 'char*' [-Wwrite-strings]
MACRelayUnit_n.cc:94:1: warning: deprecated conversion from string constant to 'char*' [-Wwrite-strings]
MACRelayUnit_n.cc:94:1: warning: deprecated conversion from string constant to 'char*' [-Wwrite-strings]
MACRelayUnit_n.cc:94:1: warning: deprecated conversion from string constant to 'char*' [-Wwrite-strings]
Networks_n.cc:89:1: warning: deprecated conversion from string constant to 'char*' [-Wwrite-strings]
Networks_n.cc:1103:1: warning: deprecated conversion from string constant to 'char*' [-Wwrite-strings]
Networks_n.cc:1247:1: warning: deprecated conversion from string constant to 'char*' [-Wwrite-strings]
Networks_n.cc:1612:1: warning: deprecated conversion from string constant to 'char*' [-Wwrite-strings]
Networks_n.cc:1977:1: warning: deprecated conversion from string constant to 'char*' [-Wwrite-strings]
libs/cmdenv/heap.cc: In function 'void* operator new(size_t)':
libs/cmdenv/heap.cc:303:24: warning: 'operator new' must not return NULL unless it is declared 'throw()' (or -fcheck-new is in effect) [enabled by default]
libs/sim/cpar.cc:64:29: warning: deprecated conversion from string constant to 'char*' [-Wwrite-strings]
libs/sim/cpar.cc: In member function 'virtual void cPar::info(char*)':
libs/sim/cpar.cc:168:31: warning: deprecated conversion from string constant to 'char*' [-Wwrite-strings]
libs/sim/ctypes.cc: In member function 'void cModuleInterface::check_consistency()':
libs/sim/ctypes.cc:304:17: warning: deprecated conversion from string constant to 'char*' [-Wwrite-strings]
libs/sim/ctypes.cc:306:17: warning: deprecated conversion from string constant to 'char*' [-Wwrite-strings]
libs/sim/ctypes.cc:308:17: warning: deprecated conversion from string constant to 'char*' [-Wwrite-strings]
libs/sim/ctypes.cc:314:17: warning: deprecated conversion from string constant to 'char*' [-Wwrite-strings]
libs/sim/ctypes.cc:319:17: warning: deprecated conversion from string constant to 'char*' [-Wwrite-strings]
libs/sim/ctypes.cc:326:21: warning: deprecated conversion from string constant to 'char*' [-Wwrite-strings]
libs/sim/ctypes.cc:331:17: warning: deprecated conversion from string constant to 'char*' [-Wwrite-strings]
libs/sim/ctypes.cc:333:17: warning: deprecated conversion from string constant to 'char*' [-Wwrite-strings]
libs/sim/ctypes.cc:335:17: warning: deprecated conversion from string constant to 'char*' [-Wwrite-strings]
libs/sim/cgate.cc: In member function 'virtual void cGate::info(char*)':
libs/sim/cgate.cc:183:18: warning: deprecated conversion from string constant to 'char*' [-Wwrite-strings]
libs/sim/cgate.cc:185:18: warning: deprecated conversion from string constant to 'char*' [-Wwrite-strings]
libs/sim/cdensity.cc: In member function 'virtual void cDensityEstBase::writeContents(std::ostream&)':
libs/sim/cdensity.cc:259:55: warning: deprecated conversion from string constant to 'char*' [-Wwrite-strings]
libs/sim/cdensity.cc:260:43: warning: deprecated conversion from string constant to 'char*' [-Wwrite-strings]
libs/sim/csimul.cc: In function 'std::ostream& operator<<(std::ostream&, tm)':
libs/sim/csimul.cc:53:49: warning: deprecated conversion from string constant to 'char*' [-Wwrite-strings]
libs/sim/csimul.cc:53:49: warning: deprecated conversion from string constant to 'char*' [-Wwrite-strings]
libs/sim/csimul.cc:53:49: warning: deprecated conversion from string constant to 'char*' [-Wwrite-strings]
libs/sim/csimul.cc:53:49: warning: deprecated conversion from string constant to 'char*' [-Wwrite-strings]
libs/sim/csimul.cc:53:49: warning: deprecated conversion from string constant to 'char*' [-Wwrite-strings]
libs/sim/csimul.cc:53:49: warning: deprecated conversion from string constant to 'char*' [-Wwrite-strings]
libs/sim/csimul.cc:53:49: warning: deprecated conversion from string constant to 'char*' [-Wwrite-strings]
libs/sim/csimul.cc:53:49: warning: deprecated conversion from string constant to 'char*' [-Wwrite-strings]
libs/sim/csimul.cc:53:49: warning: deprecated conversion from string constant to 'char*' [-Wwrite-strings]
libs/sim/csimul.cc:53:49: warning: deprecated conversion from string constant to 'char*' [-Wwrite-strings]
libs/sim/csimul.cc:53:49: warning: deprecated conversion from string constant to 'char*' [-Wwrite-strings]
libs/sim/csimul.cc:53:49: warning: deprecated conversion from string constant to 'char*' [-Wwrite-strings]
libs/sim/errmsg.cc:88:1: warning: deprecated conversion from string constant to 'char*' [-Wwrite-strings]
libs/sim/errmsg.cc:88:1: warning: deprecated conversion from string constant to 'char*' [-Wwrite-strings]
libs/sim/errmsg.cc:88:1: warning: deprecated conversion from string constant to 'char*' [-Wwrite-strings]
libs/sim/errmsg.cc:88:1: warning: deprecated conversion from string constant to 'char*' [-Wwrite-strings]
libs/sim/errmsg.cc:88:1: warning: deprecated conversion from string constant to 'char*' [-Wwrite-strings]
libs/sim/errmsg.cc:88:1: warning: deprecated conversion from string constant to 'char*' [-Wwrite-strings]
libs/sim/errmsg.cc:88:1: warning: deprecated conversion from string constant to 'char*' [-Wwrite-strings]
libs/sim/errmsg.cc:88:1: warning: deprecated conversion from string constant to 'char*' [-Wwrite-strings]
libs/sim/errmsg.cc:88:1: warning: deprecated conversion from string constant to 'char*' [-Wwrite-strings]
libs/sim/errmsg.cc:88:1: warning: deprecated conversion from string constant to 'char*' [-Wwrite-strings]
libs/sim/errmsg.cc:88:1: warning: deprecated conversion from string constant to 'char*' [-Wwrite-strings]
libs/sim/errmsg.cc:88:1: warning: deprecated conversion from string constant to 'char*' [-Wwrite-strings]
libs/sim/errmsg.cc:88:1: warning: deprecated conversion from string constant to 'char*' [-Wwrite-strings]
libs/sim/errmsg.cc:88:1: warning: deprecated conversion from string constant to 'char*' [-Wwrite-strings]
libs/sim/errmsg.cc:88:1: warning: deprecated conversion from string constant to 'char*' [-Wwrite-strings]
libs/sim/errmsg.cc:88:1: warning: deprecated conversion from string constant to 'char*' [-Wwrite-strings]
libs/sim/errmsg.cc:88:1: warning: deprecated conversion from string constant to 'char*' [-Wwrite-strings]
libs/sim/errmsg.cc:88:1: warning: deprecated conversion from string constant to 'char*' [-Wwrite-strings]
libs/sim/errmsg.cc:88:1: warning: deprecated conversion from string constant to 'char*' [-Wwrite-strings]
libs/sim/errmsg.cc:88:1: warning: deprecated conversion from string constant to 'char*' [-Wwrite-strings]
libs/sim/errmsg.cc:88:1: warning: deprecated conversion from string constant to 'char*' [-Wwrite-strings]
libs/sim/errmsg.cc:88:1: warning: deprecated conversion from string constant to 'char*' [-Wwrite-strings]
libs/sim/errmsg.cc:88:1: warning: deprecated conversion from string constant to 'char*' [-Wwrite-strings]
libs/sim/errmsg.cc:88:1: warning: deprecated conversion from string constant to 'char*' [-Wwrite-strings]
libs/sim/errmsg.cc:88:1: warning: deprecated conversion from string constant to 'char*' [-Wwrite-strings]
libs/sim/errmsg.cc:88:1: warning: deprecated conversion from string constant to 'char*' [-Wwrite-strings]
libs/sim/errmsg.cc:88:1: warning: deprecated conversion from string constant to 'char*' [-Wwrite-strings]
libs/sim/errmsg.cc:88:1: warning: deprecated conversion from string constant to 'char*' [-Wwrite-strings]
libs/sim/errmsg.cc:88:1: warning: deprecated conversion from string constant to 'char*' [-Wwrite-strings]
libs/sim/errmsg.cc:88:1: warning: deprecated conversion from string constant to 'char*' [-Wwrite-strings]
libs/sim/errmsg.cc:88:1: warning: deprecated conversion from string constant to 'char*' [-Wwrite-strings]
libs/sim/errmsg.cc:88:1: warning: deprecated conversion from string constant to 'char*' [-Wwrite-strings]
libs/sim/errmsg.cc:88:1: warning: deprecated conversion from string constant to 'char*' [-Wwrite-strings]
libs/sim/errmsg.cc:88:1: warning: deprecated conversion from string constant to 'char*' [-Wwrite-strings]
libs/sim/errmsg.cc:88:1: warning: deprecated conversion from string constant to 'char*' [-Wwrite-strings]
libs/sim/errmsg.cc:88:1: warning: deprecated conversion from string constant to 'char*' [-Wwrite-strings]
libs/sim/errmsg.cc:88:1: warning: deprecated conversion from string constant to 'char*' [-Wwrite-strings]
libs/sim/errmsg.cc:88:1: warning: deprecated conversion from string constant to 'char*' [-Wwrite-strings]
libs/sim/errmsg.cc:88:1: warning: deprecated conversion from string constant to 'char*' [-Wwrite-strings]
libs/sim/errmsg.cc:88:1: warning: deprecated conversion from string constant to 'char*' [-Wwrite-strings]
libs/sim/errmsg.cc:88:1: warning: deprecated conversion from string constant to 'char*' [-Wwrite-strings]
libs/sim/errmsg.cc:88:1: warning: deprecated conversion from string constant to 'char*' [-Wwrite-strings]
libs/sim/errmsg.cc:88:1: warning: deprecated conversion from string constant to 'char*' [-Wwrite-strings]
libs/sim/errmsg.cc:88:1: warning: deprecated conversion from string constant to 'char*' [-Wwrite-strings]
libs/sim/errmsg.cc:88:1: warning: deprecated conversion from string constant to 'char*' [-Wwrite-strings]
libs/sim/errmsg.cc:88:1: warning: deprecated conversion from string constant to 'char*' [-Wwrite-strings]
libs/sim/errmsg.cc:88:1: warning: deprecated conversion from string constant to 'char*' [-Wwrite-strings]
libs/sim/errmsg.cc:88:1: warning: deprecated conversion from string constant to 'char*' [-Wwrite-strings]
libs/sim/errmsg.cc:88:1: warning: deprecated conversion from string constant to 'char*' [-Wwrite-strings]
libs/sim/errmsg.cc:88:1: warning: deprecated conversion from string constant to 'char*' [-Wwrite-strings]
libs/sim/errmsg.cc:88:1: warning: deprecated conversion from string constant to 'char*' [-Wwrite-strings]
libs/sim/errmsg.cc:88:1: warning: deprecated conversion from string constant to 'char*' [-Wwrite-strings]
libs/sim/errmsg.cc:88:1: warning: deprecated conversion from string constant to 'char*' [-Wwrite-strings]
libs/sim/errmsg.cc:88:1: warning: deprecated conversion from string constant to 'char*' [-Wwrite-strings]
libs/sim/errmsg.cc:88:1: warning: deprecated conversion from string constant to 'char*' [-Wwrite-strings]
libs/sim/errmsg.cc:88:1: warning: deprecated conversion from string constant to 'char*' [-Wwrite-strings]
libs/sim/errmsg.cc:88:1: warning: deprecated conversion from string constant to 'char*' [-Wwrite-strings]
libs/sim/errmsg.cc:88:1: warning: deprecated conversion from string constant to 'char*' [-Wwrite-strings]
