/usr/bin/g++ -c -o EtherAppCli.o -DSPEC_CPU -DNDEBUG -I. -Iomnet_include -Ilibs/envir   -O2    -DSPEC_CPU_LP64       EtherAppCli.cc
/usr/bin/g++ -c -o EtherAppCli_n.o -DSPEC_CPU -DNDEBUG -I. -Iomnet_include -Ilibs/envir   -O2    -DSPEC_CPU_LP64       EtherAppCli_n.cc
/usr/bin/g++ -c -o EtherAppSrv.o -DSPEC_CPU -DNDEBUG -I. -Iomnet_include -Ilibs/envir   -O2    -DSPEC_CPU_LP64       EtherAppSrv.cc
/usr/bin/g++ -c -o EtherAppSrv_n.o -DSPEC_CPU -DNDEBUG -I. -Iomnet_include -Ilibs/envir   -O2    -DSPEC_CPU_LP64       EtherAppSrv_n.cc
/usr/bin/g++ -c -o EtherApp_m.o -DSPEC_CPU -DNDEBUG -I. -Iomnet_include -Ilibs/envir   -O2    -DSPEC_CPU_LP64       EtherApp_m.cc
/usr/bin/g++ -c -o EtherBus.o -DSPEC_CPU -DNDEBUG -I. -Iomnet_include -Ilibs/envir   -O2    -DSPEC_CPU_LP64       EtherBus.cc
/usr/bin/g++ -c -o EtherBus_n.o -DSPEC_CPU -DNDEBUG -I. -Iomnet_include -Ilibs/envir   -O2    -DSPEC_CPU_LP64       EtherBus_n.cc
/usr/bin/g++ -c -o EtherCtrl_m.o -DSPEC_CPU -DNDEBUG -I. -Iomnet_include -Ilibs/envir   -O2    -DSPEC_CPU_LP64       EtherCtrl_m.cc
/usr/bin/g++ -c -o EtherEncap.o -DSPEC_CPU -DNDEBUG -I. -Iomnet_include -Ilibs/envir   -O2    -DSPEC_CPU_LP64       EtherEncap.cc
/usr/bin/g++ -c -o EtherEncap_n.o -DSPEC_CPU -DNDEBUG -I. -Iomnet_include -Ilibs/envir   -O2    -DSPEC_CPU_LP64       EtherEncap_n.cc
/usr/bin/g++ -c -o EtherFrame_m.o -DSPEC_CPU -DNDEBUG -I. -Iomnet_include -Ilibs/envir   -O2    -DSPEC_CPU_LP64       EtherFrame_m.cc
/usr/bin/g++ -c -o EtherHost_n.o -DSPEC_CPU -DNDEBUG -I. -Iomnet_include -Ilibs/envir   -O2    -DSPEC_CPU_LP64       EtherHost_n.cc
/usr/bin/g++ -c -o EtherHub.o -DSPEC_CPU -DNDEBUG -I. -Iomnet_include -Ilibs/envir   -O2    -DSPEC_CPU_LP64       EtherHub.cc
/usr/bin/g++ -c -o EtherHub_n.o -DSPEC_CPU -DNDEBUG -I. -Iomnet_include -Ilibs/envir   -O2    -DSPEC_CPU_LP64       EtherHub_n.cc
/usr/bin/g++ -c -o EtherLLC.o -DSPEC_CPU -DNDEBUG -I. -Iomnet_include -Ilibs/envir   -O2    -DSPEC_CPU_LP64       EtherLLC.cc
/usr/bin/g++ -c -o EtherLLC_n.o -DSPEC_CPU -DNDEBUG -I. -Iomnet_include -Ilibs/envir   -O2    -DSPEC_CPU_LP64       EtherLLC_n.cc
/usr/bin/g++ -c -o EtherMAC.o -DSPEC_CPU -DNDEBUG -I. -Iomnet_include -Ilibs/envir   -O2    -DSPEC_CPU_LP64       EtherMAC.cc
/usr/bin/g++ -c -o EtherMAC_n.o -DSPEC_CPU -DNDEBUG -I. -Iomnet_include -Ilibs/envir   -O2    -DSPEC_CPU_LP64       EtherMAC_n.cc
/usr/bin/g++ -c -o EtherSwitch_n.o -DSPEC_CPU -DNDEBUG -I. -Iomnet_include -Ilibs/envir   -O2    -DSPEC_CPU_LP64       EtherSwitch_n.cc
/usr/bin/g++ -c -o LargeNet_n.o -DSPEC_CPU -DNDEBUG -I. -Iomnet_include -Ilibs/envir   -O2    -DSPEC_CPU_LP64       LargeNet_n.cc
/usr/bin/g++ -c -o MACAddress.o -DSPEC_CPU -DNDEBUG -I. -Iomnet_include -Ilibs/envir   -O2    -DSPEC_CPU_LP64       MACAddress.cc
/usr/bin/g++ -c -o MACAddress_m.o -DSPEC_CPU -DNDEBUG -I. -Iomnet_include -Ilibs/envir   -O2    -DSPEC_CPU_LP64       MACAddress_m.cc
/usr/bin/g++ -c -o MACRelayUnitBase.o -DSPEC_CPU -DNDEBUG -I. -Iomnet_include -Ilibs/envir   -O2    -DSPEC_CPU_LP64       MACRelayUnitBase.cc
/usr/bin/g++ -c -o MACRelayUnitNP.o -DSPEC_CPU -DNDEBUG -I. -Iomnet_include -Ilibs/envir   -O2    -DSPEC_CPU_LP64       MACRelayUnitNP.cc
/usr/bin/g++ -c -o MACRelayUnitNP_n.o -DSPEC_CPU -DNDEBUG -I. -Iomnet_include -Ilibs/envir   -O2    -DSPEC_CPU_LP64       MACRelayUnitNP_n.cc
/usr/bin/g++ -c -o MACRelayUnitPP.o -DSPEC_CPU -DNDEBUG -I. -Iomnet_include -Ilibs/envir   -O2    -DSPEC_CPU_LP64       MACRelayUnitPP.cc
/usr/bin/g++ -c -o MACRelayUnitPP_n.o -DSPEC_CPU -DNDEBUG -I. -Iomnet_include -Ilibs/envir   -O2    -DSPEC_CPU_LP64       MACRelayUnitPP_n.cc
/usr/bin/g++ -c -o MACRelayUnit_n.o -DSPEC_CPU -DNDEBUG -I. -Iomnet_include -Ilibs/envir   -O2    -DSPEC_CPU_LP64       MACRelayUnit_n.cc
/usr/bin/g++ -c -o Networks_n.o -DSPEC_CPU -DNDEBUG -I. -Iomnet_include -Ilibs/envir   -O2    -DSPEC_CPU_LP64       Networks_n.cc
/usr/bin/g++ -c -o eth-index_n.o -DSPEC_CPU -DNDEBUG -I. -Iomnet_include -Ilibs/envir   -O2    -DSPEC_CPU_LP64       eth-index_n.cc
/usr/bin/g++ -c -o utils.o -DSPEC_CPU -DNDEBUG -I. -Iomnet_include -Ilibs/envir   -O2    -DSPEC_CPU_LP64       utils.cc
/usr/bin/g++ -c -o libs/cmdenv/cmdenv.o -DSPEC_CPU -DNDEBUG -I. -Iomnet_include -Ilibs/envir   -O2    -DSPEC_CPU_LP64       libs/cmdenv/cmdenv.cc
/usr/bin/g++ -c -o libs/cmdenv/enumstr.o -DSPEC_CPU -DNDEBUG -I. -Iomnet_include -Ilibs/envir   -O2    -DSPEC_CPU_LP64       libs/cmdenv/enumstr.cc
/usr/bin/g++ -c -o libs/cmdenv/heap.o -DSPEC_CPU -DNDEBUG -I. -Iomnet_include -Ilibs/envir   -O2    -DSPEC_CPU_LP64       libs/cmdenv/heap.cc
/usr/bin/g++ -c -o libs/envir/akoutvectormgr.o -DSPEC_CPU -DNDEBUG -I. -Iomnet_include -Ilibs/envir   -O2    -DSPEC_CPU_LP64       libs/envir/akoutvectormgr.cc
/usr/bin/g++ -c -o libs/envir/args.o -DSPEC_CPU -DNDEBUG -I. -Iomnet_include -Ilibs/envir   -O2    -DSPEC_CPU_LP64       libs/envir/args.cc
/usr/bin/g++ -c -o libs/envir/cenvir.o -DSPEC_CPU -DNDEBUG -I. -Iomnet_include -Ilibs/envir   -O2    -DSPEC_CPU_LP64       libs/envir/cenvir.cc
/usr/bin/g++ -c -o libs/envir/cinifile.o -DSPEC_CPU -DNDEBUG -I. -Iomnet_include -Ilibs/envir   -O2    -DSPEC_CPU_LP64       libs/envir/cinifile.cc
/usr/bin/g++ -c -o libs/envir/filemgrs.o -DSPEC_CPU -DNDEBUG -I. -Iomnet_include -Ilibs/envir   -O2    -DSPEC_CPU_LP64       libs/envir/filemgrs.cc
/usr/bin/g++ -c -o libs/envir/main.o -DSPEC_CPU -DNDEBUG -I. -Iomnet_include -Ilibs/envir   -O2    -DSPEC_CPU_LP64       libs/envir/main.cc
/usr/bin/g++ -c -o libs/envir/omnetapp.o -DSPEC_CPU -DNDEBUG -I. -Iomnet_include -Ilibs/envir   -O2    -DSPEC_CPU_LP64       libs/envir/omnetapp.cc
/usr/bin/g++ -c -o libs/envir/patmatch.o -DSPEC_CPU -DNDEBUG -I. -Iomnet_include -Ilibs/envir   -O2    -DSPEC_CPU_LP64       libs/envir/patmatch.cc
/usr/bin/g++ -c -o libs/envir/platdep.o -DSPEC_CPU -DNDEBUG -I. -Iomnet_include -Ilibs/envir   -O2    -DSPEC_CPU_LP64       libs/envir/platdep.cc
/usr/bin/g++ -c -o libs/envir/seeds.o -DSPEC_CPU -DNDEBUG -I. -Iomnet_include -Ilibs/envir   -O2    -DSPEC_CPU_LP64       libs/envir/seeds.cc
/usr/bin/g++ -c -o libs/envir/slaveapp.o -DSPEC_CPU -DNDEBUG -I. -Iomnet_include -Ilibs/envir   -O2    -DSPEC_CPU_LP64       libs/envir/slaveapp.cc
/usr/bin/g++ -c -o libs/envir/speedmtr.o -DSPEC_CPU -DNDEBUG -I. -Iomnet_include -Ilibs/envir   -O2    -DSPEC_CPU_LP64       libs/envir/speedmtr.cc
/usr/bin/g++ -c -o libs/sim/carray.o -DSPEC_CPU -DNDEBUG -I. -Iomnet_include -Ilibs/envir   -O2    -DSPEC_CPU_LP64       libs/sim/carray.cc
/usr/bin/g++ -c -o libs/sim/cexception.o -DSPEC_CPU -DNDEBUG -I. -Iomnet_include -Ilibs/envir   -O2    -DSPEC_CPU_LP64       libs/sim/cexception.cc
/usr/bin/g++ -c -o libs/sim/cmessage.o -DSPEC_CPU -DNDEBUG -I. -Iomnet_include -Ilibs/envir   -O2    -DSPEC_CPU_LP64       libs/sim/cmessage.cc
/usr/bin/g++ -c -o libs/sim/cpar.o -DSPEC_CPU -DNDEBUG -I. -Iomnet_include -Ilibs/envir   -O2    -DSPEC_CPU_LP64       libs/sim/cpar.cc
/usr/bin/g++ -c -o libs/sim/ctypes.o -DSPEC_CPU -DNDEBUG -I. -Iomnet_include -Ilibs/envir   -O2    -DSPEC_CPU_LP64       libs/sim/ctypes.cc
/usr/bin/g++ -c -o libs/sim/task.o -DSPEC_CPU -DNDEBUG -I. -Iomnet_include -Ilibs/envir   -O2    -DSPEC_CPU_LP64       libs/sim/task.cc
/usr/bin/g++ -c -o libs/sim/cchannel.o -DSPEC_CPU -DNDEBUG -I. -Iomnet_include -Ilibs/envir   -O2    -DSPEC_CPU_LP64       libs/sim/cchannel.cc
/usr/bin/g++ -c -o libs/sim/cfsm.o -DSPEC_CPU -DNDEBUG -I. -Iomnet_include -Ilibs/envir   -O2    -DSPEC_CPU_LP64       libs/sim/cfsm.cc
/usr/bin/g++ -c -o libs/sim/cmodule.o -DSPEC_CPU -DNDEBUG -I. -Iomnet_include -Ilibs/envir   -O2    -DSPEC_CPU_LP64       libs/sim/cmodule.cc
/usr/bin/g++ -c -o libs/sim/cpsquare.o -DSPEC_CPU -DNDEBUG -I. -Iomnet_include -Ilibs/envir   -O2    -DSPEC_CPU_LP64       libs/sim/cpsquare.cc
/usr/bin/g++ -c -o libs/sim/cvarhist.o -DSPEC_CPU -DNDEBUG -I. -Iomnet_include -Ilibs/envir   -O2    -DSPEC_CPU_LP64       libs/sim/cvarhist.cc
/usr/bin/g++ -c -o libs/sim/util.o -DSPEC_CPU -DNDEBUG -I. -Iomnet_include -Ilibs/envir   -O2    -DSPEC_CPU_LP64       libs/sim/util.cc
/usr/bin/g++ -c -o libs/sim/ccoroutine.o -DSPEC_CPU -DNDEBUG -I. -Iomnet_include -Ilibs/envir   -O2    -DSPEC_CPU_LP64       libs/sim/ccoroutine.cc
/usr/bin/g++ -c -o libs/sim/cgate.o -DSPEC_CPU -DNDEBUG -I. -Iomnet_include -Ilibs/envir   -O2    -DSPEC_CPU_LP64       libs/sim/cgate.cc
/usr/bin/g++ -c -o libs/sim/cmsgheap.o -DSPEC_CPU -DNDEBUG -I. -Iomnet_include -Ilibs/envir   -O2    -DSPEC_CPU_LP64       libs/sim/cmsgheap.cc
/usr/bin/g++ -c -o libs/sim/cqueue.o -DSPEC_CPU -DNDEBUG -I. -Iomnet_include -Ilibs/envir   -O2    -DSPEC_CPU_LP64       libs/sim/cqueue.cc
/usr/bin/g++ -c -o libs/sim/cwatch.o -DSPEC_CPU -DNDEBUG -I. -Iomnet_include -Ilibs/envir   -O2    -DSPEC_CPU_LP64       libs/sim/cwatch.cc
/usr/bin/g++ -c -o libs/sim/cdensity.o -DSPEC_CPU -DNDEBUG -I. -Iomnet_include -Ilibs/envir   -O2    -DSPEC_CPU_LP64       libs/sim/cdensity.cc
/usr/bin/g++ -c -o libs/sim/chead.o -DSPEC_CPU -DNDEBUG -I. -Iomnet_include -Ilibs/envir   -O2    -DSPEC_CPU_LP64       libs/sim/chead.cc
/usr/bin/g++ -c -o libs/sim/cnetmod.o -DSPEC_CPU -DNDEBUG -I. -Iomnet_include -Ilibs/envir   -O2    -DSPEC_CPU_LP64       libs/sim/cnetmod.cc
/usr/bin/g++ -c -o libs/sim/csimul.o -DSPEC_CPU -DNDEBUG -I. -Iomnet_include -Ilibs/envir   -O2    -DSPEC_CPU_LP64       libs/sim/csimul.cc
/usr/bin/g++ -c -o libs/sim/distrib.o -DSPEC_CPU -DNDEBUG -I. -Iomnet_include -Ilibs/envir   -O2    -DSPEC_CPU_LP64       libs/sim/distrib.cc
/usr/bin/g++ -c -o libs/sim/cdetect.o -DSPEC_CPU -DNDEBUG -I. -Iomnet_include -Ilibs/envir   -O2    -DSPEC_CPU_LP64       libs/sim/cdetect.cc
/usr/bin/g++ -c -o libs/sim/chist.o -DSPEC_CPU -DNDEBUG -I. -Iomnet_include -Ilibs/envir   -O2    -DSPEC_CPU_LP64       libs/sim/chist.cc
/usr/bin/g++ -c -o libs/sim/cobject.o -DSPEC_CPU -DNDEBUG -I. -Iomnet_include -Ilibs/envir   -O2    -DSPEC_CPU_LP64       libs/sim/cobject.cc
/usr/bin/g++ -c -o libs/sim/cstat.o -DSPEC_CPU -DNDEBUG -I. -Iomnet_include -Ilibs/envir   -O2    -DSPEC_CPU_LP64       libs/sim/cstat.cc
/usr/bin/g++ -c -o libs/sim/errmsg.o -DSPEC_CPU -DNDEBUG -I. -Iomnet_include -Ilibs/envir   -O2    -DSPEC_CPU_LP64       libs/sim/errmsg.cc
/usr/bin/g++ -c -o libs/sim/cdispstr.o -DSPEC_CPU -DNDEBUG -I. -Iomnet_include -Ilibs/envir   -O2    -DSPEC_CPU_LP64       libs/sim/cdispstr.cc
/usr/bin/g++ -c -o libs/sim/cksplit.o -DSPEC_CPU -DNDEBUG -I. -Iomnet_include -Ilibs/envir   -O2    -DSPEC_CPU_LP64       libs/sim/cksplit.cc
/usr/bin/g++ -c -o libs/sim/coutvect.o -DSPEC_CPU -DNDEBUG -I. -Iomnet_include -Ilibs/envir   -O2    -DSPEC_CPU_LP64       libs/sim/coutvect.cc
/usr/bin/g++ -c -o libs/sim/cstruct.o -DSPEC_CPU -DNDEBUG -I. -Iomnet_include -Ilibs/envir   -O2    -DSPEC_CPU_LP64       libs/sim/cstruct.cc
/usr/bin/g++ -c -o libs/sim/onstartup.o -DSPEC_CPU -DNDEBUG -I. -Iomnet_include -Ilibs/envir   -O2    -DSPEC_CPU_LP64       libs/sim/onstartup.cc
/usr/bin/g++ -c -o libs/sim/cenum.o -DSPEC_CPU -DNDEBUG -I. -Iomnet_include -Ilibs/envir   -O2    -DSPEC_CPU_LP64       libs/sim/cenum.cc
/usr/bin/g++ -c -o libs/sim/cllist.o -DSPEC_CPU -DNDEBUG -I. -Iomnet_include -Ilibs/envir   -O2    -DSPEC_CPU_LP64       libs/sim/cllist.cc
/usr/bin/g++ -c -o libs/sim/cpacket.o -DSPEC_CPU -DNDEBUG -I. -Iomnet_include -Ilibs/envir   -O2    -DSPEC_CPU_LP64       libs/sim/cpacket.cc
/usr/bin/g++ -c -o libs/sim/ctopo.o -DSPEC_CPU -DNDEBUG -I. -Iomnet_include -Ilibs/envir   -O2    -DSPEC_CPU_LP64       libs/sim/ctopo.cc
/usr/bin/g++ -c -o libs/sim/random.o -DSPEC_CPU -DNDEBUG -I. -Iomnet_include -Ilibs/envir   -O2    -DSPEC_CPU_LP64       libs/sim/random.cc
/usr/bin/g++ -c -o libs/sim/std/netpack.o -DSPEC_CPU -DNDEBUG -I. -Iomnet_include -Ilibs/envir   -O2    -DSPEC_CPU_LP64       libs/sim/std/netpack.cc
/usr/bin/g++ -c -o libs/spec/spec_qsort.o -DSPEC_CPU -DNDEBUG -I. -Iomnet_include -Ilibs/envir   -O2    -DSPEC_CPU_LP64       libs/spec/spec_qsort.cc
/usr/bin/g++   -O2   -DSPEC_CPU_LP64        EtherAppCli.o EtherAppCli_n.o EtherAppSrv.o EtherAppSrv_n.o EtherApp_m.o EtherBus.o EtherBus_n.o EtherCtrl_m.o EtherEncap.o EtherEncap_n.o EtherFrame_m.o EtherHost_n.o EtherHub.o EtherHub_n.o EtherLLC.o EtherLLC_n.o EtherMAC.o EtherMAC_n.o EtherSwitch_n.o LargeNet_n.o MACAddress.o MACAddress_m.o MACRelayUnitBase.o MACRelayUnitNP.o MACRelayUnitNP_n.o MACRelayUnitPP.o MACRelayUnitPP_n.o MACRelayUnit_n.o Networks_n.o eth-index_n.o utils.o libs/cmdenv/cmdenv.o libs/cmdenv/enumstr.o libs/cmdenv/heap.o libs/envir/akoutvectormgr.o libs/envir/args.o libs/envir/cenvir.o libs/envir/cinifile.o libs/envir/filemgrs.o libs/envir/main.o libs/envir/omnetapp.o libs/envir/patmatch.o libs/envir/platdep.o libs/envir/seeds.o libs/envir/slaveapp.o libs/envir/speedmtr.o libs/sim/carray.o libs/sim/cexception.o libs/sim/cmessage.o libs/sim/cpar.o libs/sim/ctypes.o libs/sim/task.o libs/sim/cchannel.o libs/sim/cfsm.o libs/sim/cmodule.o libs/sim/cpsquare.o libs/sim/cvarhist.o libs/sim/util.o libs/sim/ccoroutine.o libs/sim/cgate.o libs/sim/cmsgheap.o libs/sim/cqueue.o libs/sim/cwatch.o libs/sim/cdensity.o libs/sim/chead.o libs/sim/cnetmod.o libs/sim/csimul.o libs/sim/distrib.o libs/sim/cdetect.o libs/sim/chist.o libs/sim/cobject.o libs/sim/cstat.o libs/sim/errmsg.o libs/sim/cdispstr.o libs/sim/cksplit.o libs/sim/coutvect.o libs/sim/cstruct.o libs/sim/onstartup.o libs/sim/cenum.o libs/sim/cllist.o libs/sim/cpacket.o libs/sim/ctopo.o libs/sim/random.o libs/sim/std/netpack.o libs/spec/spec_qsort.o                     -o omnetpp
