COMP: /usr/bin/g++ -c -o options.o -DSPEC_CPU -DNDEBUG -I. -Iomnet_include -Ilibs/envir   -O2    -DSPEC_CPU_LP64       <source>
C: CXXC="/usr/bin/g++"
C: CXXOBJOPT="-c -o options"
P: CPUFLAGS="-DSPEC_CPU -DNDEBUG"
P: BENCH_FLAGS="-I. -Iomnet_include -Ilibs/envir"
P: BENCH_CXXFLAGS=""
O: OPTIMIZE=""
O: CXXOPTIMIZE="-O2 "
P: PORTABILITY="-DSPEC_CPU_LP64"
P: CXXPORTABILITY=""
O: EXTRA_CXXFLAGS=""
O: EXTRA_OPTIMIZE=""
O: EXTRA_CXXOPTIMIZE=""
P: EXTRA_PORTABILITY=""
P: EXTRA_CXXPORTABILITY=""
LINK: /usr/bin/g++   -O2   -DSPEC_CPU_LP64        <objects>           -o options
C: LD="/usr/bin/g++"
O: CXXOPTIMIZE="-O2 "
P: PORTABILITY="-DSPEC_CPU_LP64"
C: LDOUT="-o options"
