riscv64-unknown-linux-gnu-gcc -c -o sgf/sgf_utils.o -DSPEC_CPU -DNDEBUG -DHAVE_CONFIG_H -I. -I.. -I../include -I./include -static  -O2        -DSPEC_CPU_LP64  -static       sgf/sgf_utils.c
riscv64-unknown-linux-gnu-gcc -c -o sgf/sgftree.o -DSPEC_CPU -DNDEBUG -DHAVE_CONFIG_H -I. -I.. -I../include -I./include -static  -O2        -DSPEC_CPU_LP64  -static       sgf/sgftree.c
riscv64-unknown-linux-gnu-gcc -c -o sgf/sgfnode.o -DSPEC_CPU -DNDEBUG -DHAVE_CONFIG_H -I. -I.. -I../include -I./include -static  -O2        -DSPEC_CPU_LP64  -static       sgf/sgfnode.c
riscv64-unknown-linux-gnu-gcc -c -o engine/aftermath.o -DSPEC_CPU -DNDEBUG -DHAVE_CONFIG_H -I. -I.. -I../include -I./include -static  -O2        -DSPEC_CPU_LP64  -static       engine/aftermath.c
riscv64-unknown-linux-gnu-gcc -c -o engine/board.o -DSPEC_CPU -DNDEBUG -DHAVE_CONFIG_H -I. -I.. -I../include -I./include -static  -O2        -DSPEC_CPU_LP64  -static       engine/board.c
riscv64-unknown-linux-gnu-gcc -c -o engine/cache.o -DSPEC_CPU -DNDEBUG -DHAVE_CONFIG_H -I. -I.. -I../include -I./include -static  -O2        -DSPEC_CPU_LP64  -static       engine/cache.c
riscv64-unknown-linux-gnu-gcc -c -o engine/combination.o -DSPEC_CPU -DNDEBUG -DHAVE_CONFIG_H -I. -I.. -I../include -I./include -static  -O2        -DSPEC_CPU_LP64  -static       engine/combination.c
riscv64-unknown-linux-gnu-gcc -c -o engine/dragon.o -DSPEC_CPU -DNDEBUG -DHAVE_CONFIG_H -I. -I.. -I../include -I./include -static  -O2        -DSPEC_CPU_LP64  -static       engine/dragon.c
riscv64-unknown-linux-gnu-gcc -c -o engine/filllib.o -DSPEC_CPU -DNDEBUG -DHAVE_CONFIG_H -I. -I.. -I../include -I./include -static  -O2        -DSPEC_CPU_LP64  -static       engine/filllib.c
riscv64-unknown-linux-gnu-gcc -c -o engine/fuseki.o -DSPEC_CPU -DNDEBUG -DHAVE_CONFIG_H -I. -I.. -I../include -I./include -static  -O2        -DSPEC_CPU_LP64  -static       engine/fuseki.c
riscv64-unknown-linux-gnu-gcc -c -o engine/genmove.o -DSPEC_CPU -DNDEBUG -DHAVE_CONFIG_H -I. -I.. -I../include -I./include -static  -O2        -DSPEC_CPU_LP64  -static       engine/genmove.c
riscv64-unknown-linux-gnu-gcc -c -o engine/hash.o -DSPEC_CPU -DNDEBUG -DHAVE_CONFIG_H -I. -I.. -I../include -I./include -static  -O2        -DSPEC_CPU_LP64  -static       engine/hash.c
riscv64-unknown-linux-gnu-gcc -c -o engine/influence.o -DSPEC_CPU -DNDEBUG -DHAVE_CONFIG_H -I. -I.. -I../include -I./include -static  -O2        -DSPEC_CPU_LP64  -static       engine/influence.c
riscv64-unknown-linux-gnu-gcc -c -o engine/interface.o -DSPEC_CPU -DNDEBUG -DHAVE_CONFIG_H -I. -I.. -I../include -I./include -static  -O2        -DSPEC_CPU_LP64  -static       engine/interface.c
riscv64-unknown-linux-gnu-gcc -c -o engine/matchpat.o -DSPEC_CPU -DNDEBUG -DHAVE_CONFIG_H -I. -I.. -I../include -I./include -static  -O2        -DSPEC_CPU_LP64  -static       engine/matchpat.c
riscv64-unknown-linux-gnu-gcc -c -o engine/move_reasons.o -DSPEC_CPU -DNDEBUG -DHAVE_CONFIG_H -I. -I.. -I../include -I./include -static  -O2        -DSPEC_CPU_LP64  -static       engine/move_reasons.c
riscv64-unknown-linux-gnu-gcc -c -o engine/movelist.o -DSPEC_CPU -DNDEBUG -DHAVE_CONFIG_H -I. -I.. -I../include -I./include -static  -O2        -DSPEC_CPU_LP64  -static       engine/movelist.c
riscv64-unknown-linux-gnu-gcc -c -o engine/optics.o -DSPEC_CPU -DNDEBUG -DHAVE_CONFIG_H -I. -I.. -I../include -I./include -static  -O2        -DSPEC_CPU_LP64  -static       engine/optics.c
riscv64-unknown-linux-gnu-gcc -c -o engine/owl.o -DSPEC_CPU -DNDEBUG -DHAVE_CONFIG_H -I. -I.. -I../include -I./include -static  -O2        -DSPEC_CPU_LP64  -static       engine/owl.c
riscv64-unknown-linux-gnu-gcc -c -o engine/printutils.o -DSPEC_CPU -DNDEBUG -DHAVE_CONFIG_H -I. -I.. -I../include -I./include -static  -O2        -DSPEC_CPU_LP64  -static       engine/printutils.c
riscv64-unknown-linux-gnu-gcc -c -o engine/readconnect.o -DSPEC_CPU -DNDEBUG -DHAVE_CONFIG_H -I. -I.. -I../include -I./include -static  -O2        -DSPEC_CPU_LP64  -static       engine/readconnect.c
riscv64-unknown-linux-gnu-gcc -c -o engine/reading.o -DSPEC_CPU -DNDEBUG -DHAVE_CONFIG_H -I. -I.. -I../include -I./include -static  -O2        -DSPEC_CPU_LP64  -static       engine/reading.c
riscv64-unknown-linux-gnu-gcc -c -o engine/score.o -DSPEC_CPU -DNDEBUG -DHAVE_CONFIG_H -I. -I.. -I../include -I./include -static  -O2        -DSPEC_CPU_LP64  -static       engine/score.c
riscv64-unknown-linux-gnu-gcc -c -o engine/semeai.o -DSPEC_CPU -DNDEBUG -DHAVE_CONFIG_H -I. -I.. -I../include -I./include -static  -O2        -DSPEC_CPU_LP64  -static       engine/semeai.c
riscv64-unknown-linux-gnu-gcc -c -o engine/sgfdecide.o -DSPEC_CPU -DNDEBUG -DHAVE_CONFIG_H -I. -I.. -I../include -I./include -static  -O2        -DSPEC_CPU_LP64  -static       engine/sgfdecide.c
riscv64-unknown-linux-gnu-gcc -c -o engine/sgffile.o -DSPEC_CPU -DNDEBUG -DHAVE_CONFIG_H -I. -I.. -I../include -I./include -static  -O2        -DSPEC_CPU_LP64  -static       engine/sgffile.c
riscv64-unknown-linux-gnu-gcc -c -o engine/shapes.o -DSPEC_CPU -DNDEBUG -DHAVE_CONFIG_H -I. -I.. -I../include -I./include -static  -O2        -DSPEC_CPU_LP64  -static       engine/shapes.c
riscv64-unknown-linux-gnu-gcc -c -o engine/showbord.o -DSPEC_CPU -DNDEBUG -DHAVE_CONFIG_H -I. -I.. -I../include -I./include -static  -O2        -DSPEC_CPU_LP64  -static       engine/showbord.c
riscv64-unknown-linux-gnu-gcc -c -o engine/utils.o -DSPEC_CPU -DNDEBUG -DHAVE_CONFIG_H -I. -I.. -I../include -I./include -static  -O2        -DSPEC_CPU_LP64  -static       engine/utils.c
riscv64-unknown-linux-gnu-gcc -c -o engine/value_moves.o -DSPEC_CPU -DNDEBUG -DHAVE_CONFIG_H -I. -I.. -I../include -I./include -static  -O2        -DSPEC_CPU_LP64  -static       engine/value_moves.c
riscv64-unknown-linux-gnu-gcc -c -o engine/worm.o -DSPEC_CPU -DNDEBUG -DHAVE_CONFIG_H -I. -I.. -I../include -I./include -static  -O2        -DSPEC_CPU_LP64  -static       engine/worm.c
riscv64-unknown-linux-gnu-gcc -c -o engine/globals.o -DSPEC_CPU -DNDEBUG -DHAVE_CONFIG_H -I. -I.. -I../include -I./include -static  -O2        -DSPEC_CPU_LP64  -static       engine/globals.c
riscv64-unknown-linux-gnu-gcc -c -o engine/persistent.o -DSPEC_CPU -DNDEBUG -DHAVE_CONFIG_H -I. -I.. -I../include -I./include -static  -O2        -DSPEC_CPU_LP64  -static       engine/persistent.c
riscv64-unknown-linux-gnu-gcc -c -o engine/handicap.o -DSPEC_CPU -DNDEBUG -DHAVE_CONFIG_H -I. -I.. -I../include -I./include -static  -O2        -DSPEC_CPU_LP64  -static       engine/handicap.c
riscv64-unknown-linux-gnu-gcc -c -o engine/surround.o -DSPEC_CPU -DNDEBUG -DHAVE_CONFIG_H -I. -I.. -I../include -I./include -static  -O2        -DSPEC_CPU_LP64  -static       engine/surround.c
riscv64-unknown-linux-gnu-gcc -c -o interface/gtp.o -DSPEC_CPU -DNDEBUG -DHAVE_CONFIG_H -I. -I.. -I../include -I./include -static  -O2        -DSPEC_CPU_LP64  -static       interface/gtp.c
riscv64-unknown-linux-gnu-gcc -c -o interface/main.o -DSPEC_CPU -DNDEBUG -DHAVE_CONFIG_H -I. -I.. -I../include -I./include -static  -O2        -DSPEC_CPU_LP64  -static       interface/main.c
riscv64-unknown-linux-gnu-gcc -c -o interface/play_ascii.o -DSPEC_CPU -DNDEBUG -DHAVE_CONFIG_H -I. -I.. -I../include -I./include -static  -O2        -DSPEC_CPU_LP64  -static       interface/play_ascii.c
riscv64-unknown-linux-gnu-gcc -c -o interface/play_gtp.o -DSPEC_CPU -DNDEBUG -DHAVE_CONFIG_H -I. -I.. -I../include -I./include -static  -O2        -DSPEC_CPU_LP64  -static       interface/play_gtp.c
riscv64-unknown-linux-gnu-gcc -c -o interface/play_solo.o -DSPEC_CPU -DNDEBUG -DHAVE_CONFIG_H -I. -I.. -I../include -I./include -static  -O2        -DSPEC_CPU_LP64  -static       interface/play_solo.c
riscv64-unknown-linux-gnu-gcc -c -o interface/play_test.o -DSPEC_CPU -DNDEBUG -DHAVE_CONFIG_H -I. -I.. -I../include -I./include -static  -O2        -DSPEC_CPU_LP64  -static       interface/play_test.c
riscv64-unknown-linux-gnu-gcc -c -o patterns/connections.o -DSPEC_CPU -DNDEBUG -DHAVE_CONFIG_H -I. -I.. -I../include -I./include -static  -O2        -DSPEC_CPU_LP64  -static       patterns/connections.c
riscv64-unknown-linux-gnu-gcc -c -o patterns/dfa.o -DSPEC_CPU -DNDEBUG -DHAVE_CONFIG_H -I. -I.. -I../include -I./include -static  -O2        -DSPEC_CPU_LP64  -static       patterns/dfa.c
riscv64-unknown-linux-gnu-gcc -c -o patterns/helpers.o -DSPEC_CPU -DNDEBUG -DHAVE_CONFIG_H -I. -I.. -I../include -I./include -static  -O2        -DSPEC_CPU_LP64  -static       patterns/helpers.c
riscv64-unknown-linux-gnu-gcc -c -o patterns/transform.o -DSPEC_CPU -DNDEBUG -DHAVE_CONFIG_H -I. -I.. -I../include -I./include -static  -O2        -DSPEC_CPU_LP64  -static       patterns/transform.c
riscv64-unknown-linux-gnu-gcc -c -o patterns/owl_attackpat.o -DSPEC_CPU -DNDEBUG -DHAVE_CONFIG_H -I. -I.. -I../include -I./include -static  -O2        -DSPEC_CPU_LP64  -static       patterns/owl_attackpat.c
riscv64-unknown-linux-gnu-gcc -c -o patterns/conn.o -DSPEC_CPU -DNDEBUG -DHAVE_CONFIG_H -I. -I.. -I../include -I./include -static  -O2        -DSPEC_CPU_LP64  -static       patterns/conn.c
riscv64-unknown-linux-gnu-gcc -c -o patterns/patterns.o -DSPEC_CPU -DNDEBUG -DHAVE_CONFIG_H -I. -I.. -I../include -I./include -static  -O2        -DSPEC_CPU_LP64  -static       patterns/patterns.c
riscv64-unknown-linux-gnu-gcc -c -o patterns/apatterns.o -DSPEC_CPU -DNDEBUG -DHAVE_CONFIG_H -I. -I.. -I../include -I./include -static  -O2        -DSPEC_CPU_LP64  -static       patterns/apatterns.c
riscv64-unknown-linux-gnu-gcc -c -o patterns/dpatterns.o -DSPEC_CPU -DNDEBUG -DHAVE_CONFIG_H -I. -I.. -I../include -I./include -static  -O2        -DSPEC_CPU_LP64  -static       patterns/dpatterns.c
riscv64-unknown-linux-gnu-gcc -c -o patterns/owl_vital_apat.o -DSPEC_CPU -DNDEBUG -DHAVE_CONFIG_H -I. -I.. -I../include -I./include -static  -O2        -DSPEC_CPU_LP64  -static       patterns/owl_vital_apat.c
riscv64-unknown-linux-gnu-gcc -c -o patterns/eyes.o -DSPEC_CPU -DNDEBUG -DHAVE_CONFIG_H -I. -I.. -I../include -I./include -static  -O2        -DSPEC_CPU_LP64  -static       patterns/eyes.c
riscv64-unknown-linux-gnu-gcc -c -o patterns/influence.o -DSPEC_CPU -DNDEBUG -DHAVE_CONFIG_H -I. -I.. -I../include -I./include -static  -O2        -DSPEC_CPU_LP64  -static       patterns/influence.c
riscv64-unknown-linux-gnu-gcc -c -o patterns/barriers.o -DSPEC_CPU -DNDEBUG -DHAVE_CONFIG_H -I. -I.. -I../include -I./include -static  -O2        -DSPEC_CPU_LP64  -static       patterns/barriers.c
riscv64-unknown-linux-gnu-gcc -c -o patterns/endgame.o -DSPEC_CPU -DNDEBUG -DHAVE_CONFIG_H -I. -I.. -I../include -I./include -static  -O2        -DSPEC_CPU_LP64  -static       patterns/endgame.c
riscv64-unknown-linux-gnu-gcc -c -o patterns/aa_attackpat.o -DSPEC_CPU -DNDEBUG -DHAVE_CONFIG_H -I. -I.. -I../include -I./include -static  -O2        -DSPEC_CPU_LP64  -static       patterns/aa_attackpat.c
riscv64-unknown-linux-gnu-gcc -c -o patterns/owl_defendpat.o -DSPEC_CPU -DNDEBUG -DHAVE_CONFIG_H -I. -I.. -I../include -I./include -static  -O2        -DSPEC_CPU_LP64  -static       patterns/owl_defendpat.c
riscv64-unknown-linux-gnu-gcc -c -o patterns/fusekipat.o -DSPEC_CPU -DNDEBUG -DHAVE_CONFIG_H -I. -I.. -I../include -I./include -static  -O2        -DSPEC_CPU_LP64  -static       patterns/fusekipat.c
riscv64-unknown-linux-gnu-gcc -c -o patterns/fuseki9.o -DSPEC_CPU -DNDEBUG -DHAVE_CONFIG_H -I. -I.. -I../include -I./include -static  -O2        -DSPEC_CPU_LP64  -static       patterns/fuseki9.c
riscv64-unknown-linux-gnu-gcc -c -o patterns/fuseki13.o -DSPEC_CPU -DNDEBUG -DHAVE_CONFIG_H -I. -I.. -I../include -I./include -static  -O2        -DSPEC_CPU_LP64  -static       patterns/fuseki13.c
riscv64-unknown-linux-gnu-gcc -c -o patterns/fuseki19.o -DSPEC_CPU -DNDEBUG -DHAVE_CONFIG_H -I. -I.. -I../include -I./include -static  -O2        -DSPEC_CPU_LP64  -static       patterns/fuseki19.c
riscv64-unknown-linux-gnu-gcc -c -o patterns/josekidb.o -DSPEC_CPU -DNDEBUG -DHAVE_CONFIG_H -I. -I.. -I../include -I./include -static  -O2        -DSPEC_CPU_LP64  -static       patterns/josekidb.c
riscv64-unknown-linux-gnu-gcc -c -o patterns/handipat.o -DSPEC_CPU -DNDEBUG -DHAVE_CONFIG_H -I. -I.. -I../include -I./include -static  -O2        -DSPEC_CPU_LP64  -static       patterns/handipat.c
riscv64-unknown-linux-gnu-gcc -c -o utils/getopt.o -DSPEC_CPU -DNDEBUG -DHAVE_CONFIG_H -I. -I.. -I../include -I./include -static  -O2        -DSPEC_CPU_LP64  -static       utils/getopt.c
riscv64-unknown-linux-gnu-gcc -c -o utils/getopt1.o -DSPEC_CPU -DNDEBUG -DHAVE_CONFIG_H -I. -I.. -I../include -I./include -static  -O2        -DSPEC_CPU_LP64  -static       utils/getopt1.c
riscv64-unknown-linux-gnu-gcc -c -o utils/gg_utils.o -DSPEC_CPU -DNDEBUG -DHAVE_CONFIG_H -I. -I.. -I../include -I./include -static  -O2        -DSPEC_CPU_LP64  -static       utils/gg_utils.c
riscv64-unknown-linux-gnu-gcc -c -o utils/random.o -DSPEC_CPU -DNDEBUG -DHAVE_CONFIG_H -I. -I.. -I../include -I./include -static  -O2        -DSPEC_CPU_LP64  -static       utils/random.c
riscv64-unknown-linux-gnu-gcc -static  -O2   -DSPEC_CPU_LP64        sgf/sgf_utils.o sgf/sgftree.o sgf/sgfnode.o engine/aftermath.o engine/board.o engine/cache.o engine/combination.o engine/dragon.o engine/filllib.o engine/fuseki.o engine/genmove.o engine/hash.o engine/influence.o engine/interface.o engine/matchpat.o engine/move_reasons.o engine/movelist.o engine/optics.o engine/owl.o engine/printutils.o engine/readconnect.o engine/reading.o engine/score.o engine/semeai.o engine/sgfdecide.o engine/sgffile.o engine/shapes.o engine/showbord.o engine/utils.o engine/value_moves.o engine/worm.o engine/globals.o engine/persistent.o engine/handicap.o engine/surround.o interface/gtp.o interface/main.o interface/play_ascii.o interface/play_gtp.o interface/play_solo.o interface/play_test.o patterns/connections.o patterns/dfa.o patterns/helpers.o patterns/transform.o patterns/owl_attackpat.o patterns/conn.o patterns/patterns.o patterns/apatterns.o patterns/dpatterns.o patterns/owl_vital_apat.o patterns/eyes.o patterns/influence.o patterns/barriers.o patterns/endgame.o patterns/aa_attackpat.o patterns/owl_defendpat.o patterns/fusekipat.o patterns/fuseki9.o patterns/fuseki13.o patterns/fuseki19.o patterns/josekidb.o patterns/handipat.o utils/getopt.o utils/getopt1.o utils/gg_utils.o utils/random.o             -lm        -o gobmk
