riscv64-unknown-linux-gnu-gcc -c -o control.o -DSPEC_CPU -DNDEBUG -I. -DFN -DFAST -DCONGRAD_TMP_VECTORS -DDSLASH_TMP_LINKS -static  -O2        -DSPEC_CPU_LP64  -static       control.c
riscv64-unknown-linux-gnu-gcc -c -o f_meas.o -DSPEC_CPU -DNDEBUG -I. -DFN -DFAST -DCONGRAD_TMP_VECTORS -DDSLASH_TMP_LINKS -static  -O2        -DSPEC_CPU_LP64  -static       f_meas.c
riscv64-unknown-linux-gnu-gcc -c -o gauge_info.o -DSPEC_CPU -DNDEBUG -I. -DFN -DFAST -DCONGRAD_TMP_VECTORS -DDSLASH_TMP_LINKS -static  -O2        -DSPEC_CPU_LP64  -static       gauge_info.c
riscv64-unknown-linux-gnu-gcc -c -o setup.o -DSPEC_CPU -DNDEBUG -I. -DFN -DFAST -DCONGRAD_TMP_VECTORS -DDSLASH_TMP_LINKS -static  -O2        -DSPEC_CPU_LP64  -static       setup.c
riscv64-unknown-linux-gnu-gcc -c -o update.o -DSPEC_CPU -DNDEBUG -I. -DFN -DFAST -DCONGRAD_TMP_VECTORS -DDSLASH_TMP_LINKS -static  -O2        -DSPEC_CPU_LP64  -static       update.c
riscv64-unknown-linux-gnu-gcc -c -o update_h.o -DSPEC_CPU -DNDEBUG -I. -DFN -DFAST -DCONGRAD_TMP_VECTORS -DDSLASH_TMP_LINKS -static  -O2        -DSPEC_CPU_LP64  -static       update_h.c
riscv64-unknown-linux-gnu-gcc -c -o update_u.o -DSPEC_CPU -DNDEBUG -I. -DFN -DFAST -DCONGRAD_TMP_VECTORS -DDSLASH_TMP_LINKS -static  -O2        -DSPEC_CPU_LP64  -static       update_u.c
riscv64-unknown-linux-gnu-gcc -c -o layout_hyper.o -DSPEC_CPU -DNDEBUG -I. -DFN -DFAST -DCONGRAD_TMP_VECTORS -DDSLASH_TMP_LINKS -static  -O2        -DSPEC_CPU_LP64  -static       layout_hyper.c
riscv64-unknown-linux-gnu-gcc -c -o check_unitarity.o -DSPEC_CPU -DNDEBUG -I. -DFN -DFAST -DCONGRAD_TMP_VECTORS -DDSLASH_TMP_LINKS -static  -O2        -DSPEC_CPU_LP64  -static       check_unitarity.c
riscv64-unknown-linux-gnu-gcc -c -o d_plaq4.o -DSPEC_CPU -DNDEBUG -I. -DFN -DFAST -DCONGRAD_TMP_VECTORS -DDSLASH_TMP_LINKS -static  -O2        -DSPEC_CPU_LP64  -static       d_plaq4.c
riscv64-unknown-linux-gnu-gcc -c -o gaugefix2.o -DSPEC_CPU -DNDEBUG -I. -DFN -DFAST -DCONGRAD_TMP_VECTORS -DDSLASH_TMP_LINKS -static  -O2        -DSPEC_CPU_LP64  -static       gaugefix2.c
riscv64-unknown-linux-gnu-gcc -c -o io_helpers.o -DSPEC_CPU -DNDEBUG -I. -DFN -DFAST -DCONGRAD_TMP_VECTORS -DDSLASH_TMP_LINKS -static  -O2        -DSPEC_CPU_LP64  -static       io_helpers.c
riscv64-unknown-linux-gnu-gcc -c -o io_lat4.o -DSPEC_CPU -DNDEBUG -I. -DFN -DFAST -DCONGRAD_TMP_VECTORS -DDSLASH_TMP_LINKS -static  -O2        -DSPEC_CPU_LP64  -static       io_lat4.c
riscv64-unknown-linux-gnu-gcc -c -o make_lattice.o -DSPEC_CPU -DNDEBUG -I. -DFN -DFAST -DCONGRAD_TMP_VECTORS -DDSLASH_TMP_LINKS -static  -O2        -DSPEC_CPU_LP64  -static       make_lattice.c
riscv64-unknown-linux-gnu-gcc -c -o path_product.o -DSPEC_CPU -DNDEBUG -I. -DFN -DFAST -DCONGRAD_TMP_VECTORS -DDSLASH_TMP_LINKS -static  -O2        -DSPEC_CPU_LP64  -static       path_product.c
riscv64-unknown-linux-gnu-gcc -c -o ploop3.o -DSPEC_CPU -DNDEBUG -I. -DFN -DFAST -DCONGRAD_TMP_VECTORS -DDSLASH_TMP_LINKS -static  -O2        -DSPEC_CPU_LP64  -static       ploop3.c
riscv64-unknown-linux-gnu-gcc -c -o ranmom.o -DSPEC_CPU -DNDEBUG -I. -DFN -DFAST -DCONGRAD_TMP_VECTORS -DDSLASH_TMP_LINKS -static  -O2        -DSPEC_CPU_LP64  -static       ranmom.c
riscv64-unknown-linux-gnu-gcc -c -o ranstuff.o -DSPEC_CPU -DNDEBUG -I. -DFN -DFAST -DCONGRAD_TMP_VECTORS -DDSLASH_TMP_LINKS -static  -O2        -DSPEC_CPU_LP64  -static       ranstuff.c
riscv64-unknown-linux-gnu-gcc -c -o reunitarize2.o -DSPEC_CPU -DNDEBUG -I. -DFN -DFAST -DCONGRAD_TMP_VECTORS -DDSLASH_TMP_LINKS -static  -O2        -DSPEC_CPU_LP64  -static       reunitarize2.c
riscv64-unknown-linux-gnu-gcc -c -o gauge_stuff.o -DSPEC_CPU -DNDEBUG -I. -DFN -DFAST -DCONGRAD_TMP_VECTORS -DDSLASH_TMP_LINKS -static  -O2        -DSPEC_CPU_LP64  -static       gauge_stuff.c
riscv64-unknown-linux-gnu-gcc -c -o grsource_imp.o -DSPEC_CPU -DNDEBUG -I. -DFN -DFAST -DCONGRAD_TMP_VECTORS -DDSLASH_TMP_LINKS -static  -O2        -DSPEC_CPU_LP64  -static       grsource_imp.c
riscv64-unknown-linux-gnu-gcc -c -o mat_invert.o -DSPEC_CPU -DNDEBUG -I. -DFN -DFAST -DCONGRAD_TMP_VECTORS -DDSLASH_TMP_LINKS -static  -O2        -DSPEC_CPU_LP64  -static       mat_invert.c
riscv64-unknown-linux-gnu-gcc -c -o quark_stuff.o -DSPEC_CPU -DNDEBUG -I. -DFN -DFAST -DCONGRAD_TMP_VECTORS -DDSLASH_TMP_LINKS -static  -O2        -DSPEC_CPU_LP64  -static       quark_stuff.c
riscv64-unknown-linux-gnu-gcc -c -o rephase.o -DSPEC_CPU -DNDEBUG -I. -DFN -DFAST -DCONGRAD_TMP_VECTORS -DDSLASH_TMP_LINKS -static  -O2        -DSPEC_CPU_LP64  -static       rephase.c
riscv64-unknown-linux-gnu-gcc -c -o cmplx.o -DSPEC_CPU -DNDEBUG -I. -DFN -DFAST -DCONGRAD_TMP_VECTORS -DDSLASH_TMP_LINKS -static  -O2        -DSPEC_CPU_LP64  -static       cmplx.c
riscv64-unknown-linux-gnu-gcc -c -o addmat.o -DSPEC_CPU -DNDEBUG -I. -DFN -DFAST -DCONGRAD_TMP_VECTORS -DDSLASH_TMP_LINKS -static  -O2        -DSPEC_CPU_LP64  -static       addmat.c
riscv64-unknown-linux-gnu-gcc -c -o addvec.o -DSPEC_CPU -DNDEBUG -I. -DFN -DFAST -DCONGRAD_TMP_VECTORS -DDSLASH_TMP_LINKS -static  -O2        -DSPEC_CPU_LP64  -static       addvec.c
riscv64-unknown-linux-gnu-gcc -c -o clear_mat.o -DSPEC_CPU -DNDEBUG -I. -DFN -DFAST -DCONGRAD_TMP_VECTORS -DDSLASH_TMP_LINKS -static  -O2        -DSPEC_CPU_LP64  -static       clear_mat.c
riscv64-unknown-linux-gnu-gcc -c -o clearvec.o -DSPEC_CPU -DNDEBUG -I. -DFN -DFAST -DCONGRAD_TMP_VECTORS -DDSLASH_TMP_LINKS -static  -O2        -DSPEC_CPU_LP64  -static       clearvec.c
riscv64-unknown-linux-gnu-gcc -c -o m_amatvec.o -DSPEC_CPU -DNDEBUG -I. -DFN -DFAST -DCONGRAD_TMP_VECTORS -DDSLASH_TMP_LINKS -static  -O2        -DSPEC_CPU_LP64  -static       m_amatvec.c
riscv64-unknown-linux-gnu-gcc -c -o m_mat_an.o -DSPEC_CPU -DNDEBUG -I. -DFN -DFAST -DCONGRAD_TMP_VECTORS -DDSLASH_TMP_LINKS -static  -O2        -DSPEC_CPU_LP64  -static       m_mat_an.c
riscv64-unknown-linux-gnu-gcc -c -o m_mat_na.o -DSPEC_CPU -DNDEBUG -I. -DFN -DFAST -DCONGRAD_TMP_VECTORS -DDSLASH_TMP_LINKS -static  -O2        -DSPEC_CPU_LP64  -static       m_mat_na.c
riscv64-unknown-linux-gnu-gcc -c -o m_mat_nn.o -DSPEC_CPU -DNDEBUG -I. -DFN -DFAST -DCONGRAD_TMP_VECTORS -DDSLASH_TMP_LINKS -static  -O2        -DSPEC_CPU_LP64  -static       m_mat_nn.c
riscv64-unknown-linux-gnu-gcc -c -o m_matvec.o -DSPEC_CPU -DNDEBUG -I. -DFN -DFAST -DCONGRAD_TMP_VECTORS -DDSLASH_TMP_LINKS -static  -O2        -DSPEC_CPU_LP64  -static       m_matvec.c
riscv64-unknown-linux-gnu-gcc -c -o make_ahmat.o -DSPEC_CPU -DNDEBUG -I. -DFN -DFAST -DCONGRAD_TMP_VECTORS -DDSLASH_TMP_LINKS -static  -O2        -DSPEC_CPU_LP64  -static       make_ahmat.c
riscv64-unknown-linux-gnu-gcc -c -o rand_ahmat.o -DSPEC_CPU -DNDEBUG -I. -DFN -DFAST -DCONGRAD_TMP_VECTORS -DDSLASH_TMP_LINKS -static  -O2        -DSPEC_CPU_LP64  -static       rand_ahmat.c
riscv64-unknown-linux-gnu-gcc -c -o realtr.o -DSPEC_CPU -DNDEBUG -I. -DFN -DFAST -DCONGRAD_TMP_VECTORS -DDSLASH_TMP_LINKS -static  -O2        -DSPEC_CPU_LP64  -static       realtr.c
riscv64-unknown-linux-gnu-gcc -c -o s_m_a_mat.o -DSPEC_CPU -DNDEBUG -I. -DFN -DFAST -DCONGRAD_TMP_VECTORS -DDSLASH_TMP_LINKS -static  -O2        -DSPEC_CPU_LP64  -static       s_m_a_mat.c
riscv64-unknown-linux-gnu-gcc -c -o s_m_a_vec.o -DSPEC_CPU -DNDEBUG -I. -DFN -DFAST -DCONGRAD_TMP_VECTORS -DDSLASH_TMP_LINKS -static  -O2        -DSPEC_CPU_LP64  -static       s_m_a_vec.c
riscv64-unknown-linux-gnu-gcc -c -o s_m_s_mat.o -DSPEC_CPU -DNDEBUG -I. -DFN -DFAST -DCONGRAD_TMP_VECTORS -DDSLASH_TMP_LINKS -static  -O2        -DSPEC_CPU_LP64  -static       s_m_s_mat.c
riscv64-unknown-linux-gnu-gcc -c -o s_m_vec.o -DSPEC_CPU -DNDEBUG -I. -DFN -DFAST -DCONGRAD_TMP_VECTORS -DDSLASH_TMP_LINKS -static  -O2        -DSPEC_CPU_LP64  -static       s_m_vec.c
riscv64-unknown-linux-gnu-gcc -c -o s_m_mat.o -DSPEC_CPU -DNDEBUG -I. -DFN -DFAST -DCONGRAD_TMP_VECTORS -DDSLASH_TMP_LINKS -static  -O2        -DSPEC_CPU_LP64  -static       s_m_mat.c
riscv64-unknown-linux-gnu-gcc -c -o su3_adjoint.o -DSPEC_CPU -DNDEBUG -I. -DFN -DFAST -DCONGRAD_TMP_VECTORS -DDSLASH_TMP_LINKS -static  -O2        -DSPEC_CPU_LP64  -static       su3_adjoint.c
riscv64-unknown-linux-gnu-gcc -c -o su3_dot.o -DSPEC_CPU -DNDEBUG -I. -DFN -DFAST -DCONGRAD_TMP_VECTORS -DDSLASH_TMP_LINKS -static  -O2        -DSPEC_CPU_LP64  -static       su3_dot.c
riscv64-unknown-linux-gnu-gcc -c -o su3_rdot.o -DSPEC_CPU -DNDEBUG -I. -DFN -DFAST -DCONGRAD_TMP_VECTORS -DDSLASH_TMP_LINKS -static  -O2        -DSPEC_CPU_LP64  -static       su3_rdot.c
riscv64-unknown-linux-gnu-gcc -c -o su3_proj.o -DSPEC_CPU -DNDEBUG -I. -DFN -DFAST -DCONGRAD_TMP_VECTORS -DDSLASH_TMP_LINKS -static  -O2        -DSPEC_CPU_LP64  -static       su3_proj.c
riscv64-unknown-linux-gnu-gcc -c -o su3mat_copy.o -DSPEC_CPU -DNDEBUG -I. -DFN -DFAST -DCONGRAD_TMP_VECTORS -DDSLASH_TMP_LINKS -static  -O2        -DSPEC_CPU_LP64  -static       su3mat_copy.c
riscv64-unknown-linux-gnu-gcc -c -o submat.o -DSPEC_CPU -DNDEBUG -I. -DFN -DFAST -DCONGRAD_TMP_VECTORS -DDSLASH_TMP_LINKS -static  -O2        -DSPEC_CPU_LP64  -static       submat.c
riscv64-unknown-linux-gnu-gcc -c -o subvec.o -DSPEC_CPU -DNDEBUG -I. -DFN -DFAST -DCONGRAD_TMP_VECTORS -DDSLASH_TMP_LINKS -static  -O2        -DSPEC_CPU_LP64  -static       subvec.c
riscv64-unknown-linux-gnu-gcc -c -o trace_su3.o -DSPEC_CPU -DNDEBUG -I. -DFN -DFAST -DCONGRAD_TMP_VECTORS -DDSLASH_TMP_LINKS -static  -O2        -DSPEC_CPU_LP64  -static       trace_su3.c
riscv64-unknown-linux-gnu-gcc -c -o uncmp_ahmat.o -DSPEC_CPU -DNDEBUG -I. -DFN -DFAST -DCONGRAD_TMP_VECTORS -DDSLASH_TMP_LINKS -static  -O2        -DSPEC_CPU_LP64  -static       uncmp_ahmat.c
riscv64-unknown-linux-gnu-gcc -c -o msq_su3vec.o -DSPEC_CPU -DNDEBUG -I. -DFN -DFAST -DCONGRAD_TMP_VECTORS -DDSLASH_TMP_LINKS -static  -O2        -DSPEC_CPU_LP64  -static       msq_su3vec.c
riscv64-unknown-linux-gnu-gcc -c -o sub4vecs.o -DSPEC_CPU -DNDEBUG -I. -DFN -DFAST -DCONGRAD_TMP_VECTORS -DDSLASH_TMP_LINKS -static  -O2        -DSPEC_CPU_LP64  -static       sub4vecs.c
riscv64-unknown-linux-gnu-gcc -c -o m_amv_4dir.o -DSPEC_CPU -DNDEBUG -I. -DFN -DFAST -DCONGRAD_TMP_VECTORS -DDSLASH_TMP_LINKS -static  -O2        -DSPEC_CPU_LP64  -static       m_amv_4dir.c
riscv64-unknown-linux-gnu-gcc -c -o m_amv_4vec.o -DSPEC_CPU -DNDEBUG -I. -DFN -DFAST -DCONGRAD_TMP_VECTORS -DDSLASH_TMP_LINKS -static  -O2        -DSPEC_CPU_LP64  -static       m_amv_4vec.c
riscv64-unknown-linux-gnu-gcc -c -o m_mv_s_4dir.o -DSPEC_CPU -DNDEBUG -I. -DFN -DFAST -DCONGRAD_TMP_VECTORS -DDSLASH_TMP_LINKS -static  -O2        -DSPEC_CPU_LP64  -static       m_mv_s_4dir.c
riscv64-unknown-linux-gnu-gcc -c -o m_su2_mat_vec_n.o -DSPEC_CPU -DNDEBUG -I. -DFN -DFAST -DCONGRAD_TMP_VECTORS -DDSLASH_TMP_LINKS -static  -O2        -DSPEC_CPU_LP64  -static       m_su2_mat_vec_n.c
riscv64-unknown-linux-gnu-gcc -c -o l_su2_hit_n.o -DSPEC_CPU -DNDEBUG -I. -DFN -DFAST -DCONGRAD_TMP_VECTORS -DDSLASH_TMP_LINKS -static  -O2        -DSPEC_CPU_LP64  -static       l_su2_hit_n.c
riscv64-unknown-linux-gnu-gcc -c -o r_su2_hit_a.o -DSPEC_CPU -DNDEBUG -I. -DFN -DFAST -DCONGRAD_TMP_VECTORS -DDSLASH_TMP_LINKS -static  -O2        -DSPEC_CPU_LP64  -static       r_su2_hit_a.c
riscv64-unknown-linux-gnu-gcc -c -o m_su2_mat_vec_a.o -DSPEC_CPU -DNDEBUG -I. -DFN -DFAST -DCONGRAD_TMP_VECTORS -DDSLASH_TMP_LINKS -static  -O2        -DSPEC_CPU_LP64  -static       m_su2_mat_vec_a.c
riscv64-unknown-linux-gnu-gcc -c -o gaussrand.o -DSPEC_CPU -DNDEBUG -I. -DFN -DFAST -DCONGRAD_TMP_VECTORS -DDSLASH_TMP_LINKS -static  -O2        -DSPEC_CPU_LP64  -static       gaussrand.c
riscv64-unknown-linux-gnu-gcc -c -o byterevn.o -DSPEC_CPU -DNDEBUG -I. -DFN -DFAST -DCONGRAD_TMP_VECTORS -DDSLASH_TMP_LINKS -static  -O2        -DSPEC_CPU_LP64  -static       byterevn.c
riscv64-unknown-linux-gnu-gcc -c -o m_mat_hwvec.o -DSPEC_CPU -DNDEBUG -I. -DFN -DFAST -DCONGRAD_TMP_VECTORS -DDSLASH_TMP_LINKS -static  -O2        -DSPEC_CPU_LP64  -static       m_mat_hwvec.c
riscv64-unknown-linux-gnu-gcc -c -o m_amat_hwvec.o -DSPEC_CPU -DNDEBUG -I. -DFN -DFAST -DCONGRAD_TMP_VECTORS -DDSLASH_TMP_LINKS -static  -O2        -DSPEC_CPU_LP64  -static       m_amat_hwvec.c
riscv64-unknown-linux-gnu-gcc -c -o dslash_fn2.o -DSPEC_CPU -DNDEBUG -I. -DFN -DFAST -DCONGRAD_TMP_VECTORS -DDSLASH_TMP_LINKS -static  -O2        -DSPEC_CPU_LP64  -static       dslash_fn2.c
riscv64-unknown-linux-gnu-gcc -c -o d_congrad5_fn.o -DSPEC_CPU -DNDEBUG -I. -DFN -DFAST -DCONGRAD_TMP_VECTORS -DDSLASH_TMP_LINKS -static  -O2        -DSPEC_CPU_LP64  -static       d_congrad5_fn.c
riscv64-unknown-linux-gnu-gcc -c -o com_vanilla.o -DSPEC_CPU -DNDEBUG -I. -DFN -DFAST -DCONGRAD_TMP_VECTORS -DDSLASH_TMP_LINKS -static  -O2        -DSPEC_CPU_LP64  -static       com_vanilla.c
riscv64-unknown-linux-gnu-gcc -c -o io_nonansi.o -DSPEC_CPU -DNDEBUG -I. -DFN -DFAST -DCONGRAD_TMP_VECTORS -DDSLASH_TMP_LINKS -static  -O2        -DSPEC_CPU_LP64  -static       io_nonansi.c
riscv64-unknown-linux-gnu-gcc -static  -O2   -DSPEC_CPU_LP64        control.o f_meas.o gauge_info.o setup.o update.o update_h.o update_u.o layout_hyper.o check_unitarity.o d_plaq4.o gaugefix2.o io_helpers.o io_lat4.o make_lattice.o path_product.o ploop3.o ranmom.o ranstuff.o reunitarize2.o gauge_stuff.o grsource_imp.o mat_invert.o quark_stuff.o rephase.o cmplx.o addmat.o addvec.o clear_mat.o clearvec.o m_amatvec.o m_mat_an.o m_mat_na.o m_mat_nn.o m_matvec.o make_ahmat.o rand_ahmat.o realtr.o s_m_a_mat.o s_m_a_vec.o s_m_s_mat.o s_m_vec.o s_m_mat.o su3_adjoint.o su3_dot.o su3_rdot.o su3_proj.o su3mat_copy.o submat.o subvec.o trace_su3.o uncmp_ahmat.o msq_su3vec.o sub4vecs.o m_amv_4dir.o m_amv_4vec.o m_mv_s_4dir.o m_su2_mat_vec_n.o l_su2_hit_n.o r_su2_hit_a.o m_su2_mat_vec_a.o gaussrand.o byterevn.o m_mat_hwvec.o m_amat_hwvec.o dslash_fn2.o d_congrad5_fn.o com_vanilla.o io_nonansi.o             -lm        -o milc
