COMP: riscv64-unknown-linux-gnu-gcc -c -o options.o -DSPEC_CPU -DNDEBUG -I. -DFN -DFAST -DCONGRAD_TMP_VECTORS -DDSLASH_TMP_LINKS -static  -O2        -DSPEC_CPU_LP64  -static       <source>
C: CC="riscv64-unknown-linux-gnu-gcc"
C: COBJOPT="-c -o options"
P: CPUFLAGS="-DSPEC_CPU -DNDEBUG"
P: BENCH_FLAGS="-I. -DFN -DFAST -DCONGRAD_TMP_VECTORS -DDSLASH_TMP_LINKS"
P: BENCH_CFLAGS="-static"
O: OPTIMIZE=""
O: COPTIMIZE="-O2 "
P: PORTABILITY="-DSPEC_CPU_LP64"
P: CPORTABILITY=""
O: EXTRA_CFLAGS="-static"
O: EXTRA_OPTIMIZE=""
O: EXTRA_COPTIMIZE=""
P: EXTRA_PORTABILITY=""
P: EXTRA_CPORTABILITY=""
LINK: riscv64-unknown-linux-gnu-gcc -static  -O2   -DSPEC_CPU_LP64        <objects>   -lm        -o options
C: LD="riscv64-unknown-linux-gnu-gcc"
O: LDCFLAGS="-static"
O: COPTIMIZE="-O2 "
P: PORTABILITY="-DSPEC_CPU_LP64"
C: MATH_LIBS="-lm"
C: LDOUT="-o options"
