/usr/bin/gcc -c -o sgf/sgf_utils.o -DSPEC_CPU -DNDEBUG -DHAVE_CONFIG_H -I. -I.. -I../include -I./include   -O2       -DSPEC_CPU_LP64         sgf/sgf_utils.c
/usr/bin/gcc -c -o sgf/sgftree.o -DSPEC_CPU -DNDEBUG -DHAVE_CONFIG_H -I. -I.. -I../include -I./include   -O2       -DSPEC_CPU_LP64         sgf/sgftree.c
/usr/bin/gcc -c -o sgf/sgfnode.o -DSPEC_CPU -DNDEBUG -DHAVE_CONFIG_H -I. -I.. -I../include -I./include   -O2       -DSPEC_CPU_LP64         sgf/sgfnode.c
/usr/bin/gcc -c -o engine/aftermath.o -DSPEC_CPU -DNDEBUG -DHAVE_CONFIG_H -I. -I.. -I../include -I./include   -O2       -DSPEC_CPU_LP64         engine/aftermath.c
/usr/bin/gcc -c -o engine/board.o -DSPEC_CPU -DNDEBUG -DHAVE_CONFIG_H -I. -I.. -I../include -I./include   -O2       -DSPEC_CPU_LP64         engine/board.c
/usr/bin/gcc -c -o engine/cache.o -DSPEC_CPU -DNDEBUG -DHAVE_CONFIG_H -I. -I.. -I../include -I./include   -O2       -DSPEC_CPU_LP64         engine/cache.c
/usr/bin/gcc -c -o engine/combination.o -DSPEC_CPU -DNDEBUG -DHAVE_CONFIG_H -I. -I.. -I../include -I./include   -O2       -DSPEC_CPU_LP64         engine/combination.c
/usr/bin/gcc -c -o engine/dragon.o -DSPEC_CPU -DNDEBUG -DHAVE_CONFIG_H -I. -I.. -I../include -I./include   -O2       -DSPEC_CPU_LP64         engine/dragon.c
/usr/bin/gcc -c -o engine/filllib.o -DSPEC_CPU -DNDEBUG -DHAVE_CONFIG_H -I. -I.. -I../include -I./include   -O2       -DSPEC_CPU_LP64         engine/filllib.c
/usr/bin/gcc -c -o engine/fuseki.o -DSPEC_CPU -DNDEBUG -DHAVE_CONFIG_H -I. -I.. -I../include -I./include   -O2       -DSPEC_CPU_LP64         engine/fuseki.c
/usr/bin/gcc -c -o engine/genmove.o -DSPEC_CPU -DNDEBUG -DHAVE_CONFIG_H -I. -I.. -I../include -I./include   -O2       -DSPEC_CPU_LP64         engine/genmove.c
/usr/bin/gcc -c -o engine/hash.o -DSPEC_CPU -DNDEBUG -DHAVE_CONFIG_H -I. -I.. -I../include -I./include   -O2       -DSPEC_CPU_LP64         engine/hash.c
/usr/bin/gcc -c -o engine/influence.o -DSPEC_CPU -DNDEBUG -DHAVE_CONFIG_H -I. -I.. -I../include -I./include   -O2       -DSPEC_CPU_LP64         engine/influence.c
/usr/bin/gcc -c -o engine/interface.o -DSPEC_CPU -DNDEBUG -DHAVE_CONFIG_H -I. -I.. -I../include -I./include   -O2       -DSPEC_CPU_LP64         engine/interface.c
/usr/bin/gcc -c -o engine/matchpat.o -DSPEC_CPU -DNDEBUG -DHAVE_CONFIG_H -I. -I.. -I../include -I./include   -O2       -DSPEC_CPU_LP64         engine/matchpat.c
/usr/bin/gcc -c -o engine/move_reasons.o -DSPEC_CPU -DNDEBUG -DHAVE_CONFIG_H -I. -I.. -I../include -I./include   -O2       -DSPEC_CPU_LP64         engine/move_reasons.c
/usr/bin/gcc -c -o engine/movelist.o -DSPEC_CPU -DNDEBUG -DHAVE_CONFIG_H -I. -I.. -I../include -I./include   -O2       -DSPEC_CPU_LP64         engine/movelist.c
/usr/bin/gcc -c -o engine/optics.o -DSPEC_CPU -DNDEBUG -DHAVE_CONFIG_H -I. -I.. -I../include -I./include   -O2       -DSPEC_CPU_LP64         engine/optics.c
/usr/bin/gcc -c -o engine/owl.o -DSPEC_CPU -DNDEBUG -DHAVE_CONFIG_H -I. -I.. -I../include -I./include   -O2       -DSPEC_CPU_LP64         engine/owl.c
/usr/bin/gcc -c -o engine/printutils.o -DSPEC_CPU -DNDEBUG -DHAVE_CONFIG_H -I. -I.. -I../include -I./include   -O2       -DSPEC_CPU_LP64         engine/printutils.c
/usr/bin/gcc -c -o engine/readconnect.o -DSPEC_CPU -DNDEBUG -DHAVE_CONFIG_H -I. -I.. -I../include -I./include   -O2       -DSPEC_CPU_LP64         engine/readconnect.c
/usr/bin/gcc -c -o engine/reading.o -DSPEC_CPU -DNDEBUG -DHAVE_CONFIG_H -I. -I.. -I../include -I./include   -O2       -DSPEC_CPU_LP64         engine/reading.c
/usr/bin/gcc -c -o engine/score.o -DSPEC_CPU -DNDEBUG -DHAVE_CONFIG_H -I. -I.. -I../include -I./include   -O2       -DSPEC_CPU_LP64         engine/score.c
/usr/bin/gcc -c -o engine/semeai.o -DSPEC_CPU -DNDEBUG -DHAVE_CONFIG_H -I. -I.. -I../include -I./include   -O2       -DSPEC_CPU_LP64         engine/semeai.c
/usr/bin/gcc -c -o engine/sgfdecide.o -DSPEC_CPU -DNDEBUG -DHAVE_CONFIG_H -I. -I.. -I../include -I./include   -O2       -DSPEC_CPU_LP64         engine/sgfdecide.c
/usr/bin/gcc -c -o engine/sgffile.o -DSPEC_CPU -DNDEBUG -DHAVE_CONFIG_H -I. -I.. -I../include -I./include   -O2       -DSPEC_CPU_LP64         engine/sgffile.c
/usr/bin/gcc -c -o engine/shapes.o -DSPEC_CPU -DNDEBUG -DHAVE_CONFIG_H -I. -I.. -I../include -I./include   -O2       -DSPEC_CPU_LP64         engine/shapes.c
/usr/bin/gcc -c -o engine/showbord.o -DSPEC_CPU -DNDEBUG -DHAVE_CONFIG_H -I. -I.. -I../include -I./include   -O2       -DSPEC_CPU_LP64         engine/showbord.c
/usr/bin/gcc -c -o engine/utils.o -DSPEC_CPU -DNDEBUG -DHAVE_CONFIG_H -I. -I.. -I../include -I./include   -O2       -DSPEC_CPU_LP64         engine/utils.c
/usr/bin/gcc -c -o engine/value_moves.o -DSPEC_CPU -DNDEBUG -DHAVE_CONFIG_H -I. -I.. -I../include -I./include   -O2       -DSPEC_CPU_LP64         engine/value_moves.c
/usr/bin/gcc -c -o engine/worm.o -DSPEC_CPU -DNDEBUG -DHAVE_CONFIG_H -I. -I.. -I../include -I./include   -O2       -DSPEC_CPU_LP64         engine/worm.c
/usr/bin/gcc -c -o engine/globals.o -DSPEC_CPU -DNDEBUG -DHAVE_CONFIG_H -I. -I.. -I../include -I./include   -O2       -DSPEC_CPU_LP64         engine/globals.c
/usr/bin/gcc -c -o engine/persistent.o -DSPEC_CPU -DNDEBUG -DHAVE_CONFIG_H -I. -I.. -I../include -I./include   -O2       -DSPEC_CPU_LP64         engine/persistent.c
/usr/bin/gcc -c -o engine/handicap.o -DSPEC_CPU -DNDEBUG -DHAVE_CONFIG_H -I. -I.. -I../include -I./include   -O2       -DSPEC_CPU_LP64         engine/handicap.c
/usr/bin/gcc -c -o engine/surround.o -DSPEC_CPU -DNDEBUG -DHAVE_CONFIG_H -I. -I.. -I../include -I./include   -O2       -DSPEC_CPU_LP64         engine/surround.c
/usr/bin/gcc -c -o interface/gtp.o -DSPEC_CPU -DNDEBUG -DHAVE_CONFIG_H -I. -I.. -I../include -I./include   -O2       -DSPEC_CPU_LP64         interface/gtp.c
/usr/bin/gcc -c -o interface/main.o -DSPEC_CPU -DNDEBUG -DHAVE_CONFIG_H -I. -I.. -I../include -I./include   -O2       -DSPEC_CPU_LP64         interface/main.c
/usr/bin/gcc -c -o interface/play_ascii.o -DSPEC_CPU -DNDEBUG -DHAVE_CONFIG_H -I. -I.. -I../include -I./include   -O2       -DSPEC_CPU_LP64         interface/play_ascii.c
/usr/bin/gcc -c -o interface/play_gtp.o -DSPEC_CPU -DNDEBUG -DHAVE_CONFIG_H -I. -I.. -I../include -I./include   -O2       -DSPEC_CPU_LP64         interface/play_gtp.c
/usr/bin/gcc -c -o interface/play_solo.o -DSPEC_CPU -DNDEBUG -DHAVE_CONFIG_H -I. -I.. -I../include -I./include   -O2       -DSPEC_CPU_LP64         interface/play_solo.c
/usr/bin/gcc -c -o interface/play_test.o -DSPEC_CPU -DNDEBUG -DHAVE_CONFIG_H -I. -I.. -I../include -I./include   -O2       -DSPEC_CPU_LP64         interface/play_test.c
/usr/bin/gcc -c -o patterns/connections.o -DSPEC_CPU -DNDEBUG -DHAVE_CONFIG_H -I. -I.. -I../include -I./include   -O2       -DSPEC_CPU_LP64         patterns/connections.c
/usr/bin/gcc -c -o patterns/dfa.o -DSPEC_CPU -DNDEBUG -DHAVE_CONFIG_H -I. -I.. -I../include -I./include   -O2       -DSPEC_CPU_LP64         patterns/dfa.c
/usr/bin/gcc -c -o patterns/helpers.o -DSPEC_CPU -DNDEBUG -DHAVE_CONFIG_H -I. -I.. -I../include -I./include   -O2       -DSPEC_CPU_LP64         patterns/helpers.c
/usr/bin/gcc -c -o patterns/transform.o -DSPEC_CPU -DNDEBUG -DHAVE_CONFIG_H -I. -I.. -I../include -I./include   -O2       -DSPEC_CPU_LP64         patterns/transform.c
/usr/bin/gcc -c -o patterns/owl_attackpat.o -DSPEC_CPU -DNDEBUG -DHAVE_CONFIG_H -I. -I.. -I../include -I./include   -O2       -DSPEC_CPU_LP64         patterns/owl_attackpat.c
/usr/bin/gcc -c -o patterns/conn.o -DSPEC_CPU -DNDEBUG -DHAVE_CONFIG_H -I. -I.. -I../include -I./include   -O2       -DSPEC_CPU_LP64         patterns/conn.c
/usr/bin/gcc -c -o patterns/patterns.o -DSPEC_CPU -DNDEBUG -DHAVE_CONFIG_H -I. -I.. -I../include -I./include   -O2       -DSPEC_CPU_LP64         patterns/patterns.c
/usr/bin/gcc -c -o patterns/apatterns.o -DSPEC_CPU -DNDEBUG -DHAVE_CONFIG_H -I. -I.. -I../include -I./include   -O2       -DSPEC_CPU_LP64         patterns/apatterns.c
/usr/bin/gcc -c -o patterns/dpatterns.o -DSPEC_CPU -DNDEBUG -DHAVE_CONFIG_H -I. -I.. -I../include -I./include   -O2       -DSPEC_CPU_LP64         patterns/dpatterns.c
/usr/bin/gcc -c -o patterns/owl_vital_apat.o -DSPEC_CPU -DNDEBUG -DHAVE_CONFIG_H -I. -I.. -I../include -I./include   -O2       -DSPEC_CPU_LP64         patterns/owl_vital_apat.c
/usr/bin/gcc -c -o patterns/eyes.o -DSPEC_CPU -DNDEBUG -DHAVE_CONFIG_H -I. -I.. -I../include -I./include   -O2       -DSPEC_CPU_LP64         patterns/eyes.c
/usr/bin/gcc -c -o patterns/influence.o -DSPEC_CPU -DNDEBUG -DHAVE_CONFIG_H -I. -I.. -I../include -I./include   -O2       -DSPEC_CPU_LP64         patterns/influence.c
/usr/bin/gcc -c -o patterns/barriers.o -DSPEC_CPU -DNDEBUG -DHAVE_CONFIG_H -I. -I.. -I../include -I./include   -O2       -DSPEC_CPU_LP64         patterns/barriers.c
/usr/bin/gcc -c -o patterns/endgame.o -DSPEC_CPU -DNDEBUG -DHAVE_CONFIG_H -I. -I.. -I../include -I./include   -O2       -DSPEC_CPU_LP64         patterns/endgame.c
/usr/bin/gcc -c -o patterns/aa_attackpat.o -DSPEC_CPU -DNDEBUG -DHAVE_CONFIG_H -I. -I.. -I../include -I./include   -O2       -DSPEC_CPU_LP64         patterns/aa_attackpat.c
/usr/bin/gcc -c -o patterns/owl_defendpat.o -DSPEC_CPU -DNDEBUG -DHAVE_CONFIG_H -I. -I.. -I../include -I./include   -O2       -DSPEC_CPU_LP64         patterns/owl_defendpat.c
/usr/bin/gcc -c -o patterns/fusekipat.o -DSPEC_CPU -DNDEBUG -DHAVE_CONFIG_H -I. -I.. -I../include -I./include   -O2       -DSPEC_CPU_LP64         patterns/fusekipat.c
/usr/bin/gcc -c -o patterns/fuseki9.o -DSPEC_CPU -DNDEBUG -DHAVE_CONFIG_H -I. -I.. -I../include -I./include   -O2       -DSPEC_CPU_LP64         patterns/fuseki9.c
/usr/bin/gcc -c -o patterns/fuseki13.o -DSPEC_CPU -DNDEBUG -DHAVE_CONFIG_H -I. -I.. -I../include -I./include   -O2       -DSPEC_CPU_LP64         patterns/fuseki13.c
/usr/bin/gcc -c -o patterns/fuseki19.o -DSPEC_CPU -DNDEBUG -DHAVE_CONFIG_H -I. -I.. -I../include -I./include   -O2       -DSPEC_CPU_LP64         patterns/fuseki19.c
/usr/bin/gcc -c -o patterns/josekidb.o -DSPEC_CPU -DNDEBUG -DHAVE_CONFIG_H -I. -I.. -I../include -I./include   -O2       -DSPEC_CPU_LP64         patterns/josekidb.c
/usr/bin/gcc -c -o patterns/handipat.o -DSPEC_CPU -DNDEBUG -DHAVE_CONFIG_H -I. -I.. -I../include -I./include   -O2       -DSPEC_CPU_LP64         patterns/handipat.c
/usr/bin/gcc -c -o utils/getopt.o -DSPEC_CPU -DNDEBUG -DHAVE_CONFIG_H -I. -I.. -I../include -I./include   -O2       -DSPEC_CPU_LP64         utils/getopt.c
/usr/bin/gcc -c -o utils/getopt1.o -DSPEC_CPU -DNDEBUG -DHAVE_CONFIG_H -I. -I.. -I../include -I./include   -O2       -DSPEC_CPU_LP64         utils/getopt1.c
/usr/bin/gcc -c -o utils/gg_utils.o -DSPEC_CPU -DNDEBUG -DHAVE_CONFIG_H -I. -I.. -I../include -I./include   -O2       -DSPEC_CPU_LP64         utils/gg_utils.c
/usr/bin/gcc -c -o utils/random.o -DSPEC_CPU -DNDEBUG -DHAVE_CONFIG_H -I. -I.. -I../include -I./include   -O2       -DSPEC_CPU_LP64         utils/random.c
/usr/bin/gcc   -O2  -DSPEC_CPU_LP64        sgf/sgf_utils.o sgf/sgftree.o sgf/sgfnode.o engine/aftermath.o engine/board.o engine/cache.o engine/combination.o engine/dragon.o engine/filllib.o engine/fuseki.o engine/genmove.o engine/hash.o engine/influence.o engine/interface.o engine/matchpat.o engine/move_reasons.o engine/movelist.o engine/optics.o engine/owl.o engine/printutils.o engine/readconnect.o engine/reading.o engine/score.o engine/semeai.o engine/sgfdecide.o engine/sgffile.o engine/shapes.o engine/showbord.o engine/utils.o engine/value_moves.o engine/worm.o engine/globals.o engine/persistent.o engine/handicap.o engine/surround.o interface/gtp.o interface/main.o interface/play_ascii.o interface/play_gtp.o interface/play_solo.o interface/play_test.o patterns/connections.o patterns/dfa.o patterns/helpers.o patterns/transform.o patterns/owl_attackpat.o patterns/conn.o patterns/patterns.o patterns/apatterns.o patterns/dpatterns.o patterns/owl_vital_apat.o patterns/eyes.o patterns/influence.o patterns/barriers.o patterns/endgame.o patterns/aa_attackpat.o patterns/owl_defendpat.o patterns/fusekipat.o patterns/fuseki9.o patterns/fuseki13.o patterns/fuseki19.o patterns/josekidb.o patterns/handipat.o utils/getopt.o utils/getopt1.o utils/gg_utils.o utils/random.o             -lm        -o gobmk
