linpck.f:517:72:

    10 assign 30 to next
                                                                        1
Warning: Deleted feature: ASSIGN statement at (1)
linpck.f:522:19:

    20    go to next,(30, 50, 70, 110)
                   1
Warning: Deleted feature: Assigned GOTO statement at (1)
linpck.f:524:72:

       assign 50 to next
                                                                        1
Warning: Deleted feature: ASSIGN statement at (1)
linpck.f:533:72:

       assign 70 to next
                                                                        1
Warning: Deleted feature: ASSIGN statement at (1)
linpck.f:539:72:

       assign 110 to next
                                                                        1
Warning: Deleted feature: ASSIGN statement at (1)
