FPP: specpp   -DSPEC_CPU -DNDEBUG -DSPEC_CPU_LP64   <source> -o <source>.fppized.f9x
P: CPUFLAGS="-DSPEC_CPU -DNDEBUG"
P: PORTABILITY="-DSPEC_CPU_LP64"
P: FPORTABILITY=""
COMP: /usr/bin/gfortran -c -o options.o    -O2       -DSPEC_CPU_LP64  -static       <source>
C: FC="/usr/bin/gfortran"
C: FOBJOPT="-c -o options"
P: CPUFLAGS="-DSPEC_CPU -DNDEBUG"
P: BENCH_FLAGS=""
P: BENCH_FFLAGS=""
O: OPTIMIZE=""
O: FOPTIMIZE="-O2"
P: PORTABILITY="-DSPEC_CPU_LP64"
P: FPORTABILITY=""
O: EXTRA_FFLAGS="-static"
O: EXTRA_OPTIMIZE=""
O: EXTRA_FOPTIMIZE=""
P: EXTRA_PORTABILITY=""
P: EXTRA_FPORTABILITY=""
LINK: /usr/bin/gfortran -static  -O2  -DSPEC_CPU_LP64        <objects>           -o options
C: LD="/usr/bin/gfortran"
O: LDFFLAGS="-static"
O: FOPTIMIZE="-O2"
P: PORTABILITY="-DSPEC_CPU_LP64"
C: LDOUT="-o options"
