/usr/bin/gcc -c -o attacks.o -DSPEC_CPU -DNDEBUG    -O2       -DSPEC_CPU_LP64         attacks.c
/usr/bin/gcc -c -o book.o -DSPEC_CPU -DNDEBUG    -O2       -DSPEC_CPU_LP64         book.c
/usr/bin/gcc -c -o crazy.o -DSPEC_CPU -DNDEBUG    -O2       -DSPEC_CPU_LP64         crazy.c
/usr/bin/gcc -c -o draw.o -DSPEC_CPU -DNDEBUG    -O2       -DSPEC_CPU_LP64         draw.c
/usr/bin/gcc -c -o ecache.o -DSPEC_CPU -DNDEBUG    -O2       -DSPEC_CPU_LP64         ecache.c
/usr/bin/gcc -c -o epd.o -DSPEC_CPU -DNDEBUG    -O2       -DSPEC_CPU_LP64         epd.c
/usr/bin/gcc -c -o eval.o -DSPEC_CPU -DNDEBUG    -O2       -DSPEC_CPU_LP64         eval.c
/usr/bin/gcc -c -o leval.o -DSPEC_CPU -DNDEBUG    -O2       -DSPEC_CPU_LP64         leval.c
/usr/bin/gcc -c -o moves.o -DSPEC_CPU -DNDEBUG    -O2       -DSPEC_CPU_LP64         moves.c
/usr/bin/gcc -c -o neval.o -DSPEC_CPU -DNDEBUG    -O2       -DSPEC_CPU_LP64         neval.c
/usr/bin/gcc -c -o partner.o -DSPEC_CPU -DNDEBUG    -O2       -DSPEC_CPU_LP64         partner.c
/usr/bin/gcc -c -o proof.o -DSPEC_CPU -DNDEBUG    -O2       -DSPEC_CPU_LP64         proof.c
/usr/bin/gcc -c -o rcfile.o -DSPEC_CPU -DNDEBUG    -O2       -DSPEC_CPU_LP64         rcfile.c
/usr/bin/gcc -c -o search.o -DSPEC_CPU -DNDEBUG    -O2       -DSPEC_CPU_LP64         search.c
/usr/bin/gcc -c -o see.o -DSPEC_CPU -DNDEBUG    -O2       -DSPEC_CPU_LP64         see.c
/usr/bin/gcc -c -o seval.o -DSPEC_CPU -DNDEBUG    -O2       -DSPEC_CPU_LP64         seval.c
/usr/bin/gcc -c -o sjeng.o -DSPEC_CPU -DNDEBUG    -O2       -DSPEC_CPU_LP64         sjeng.c
/usr/bin/gcc -c -o ttable.o -DSPEC_CPU -DNDEBUG    -O2       -DSPEC_CPU_LP64         ttable.c
/usr/bin/gcc -c -o utils.o -DSPEC_CPU -DNDEBUG    -O2       -DSPEC_CPU_LP64         utils.c
/usr/bin/gcc   -O2  -DSPEC_CPU_LP64        attacks.o book.o crazy.o draw.o ecache.o epd.o eval.o leval.o moves.o neval.o partner.o proof.o rcfile.o search.o see.o seval.o sjeng.o ttable.o utils.o                     -o sjeng
