COMP: /usr/bin/gcc -c -o options.o -DSPEC_CPU -DNDEBUG  -DWANT_STDC_PROTO  -O2       -DSPEC_CPU_LP64         <source>
C: CC="/usr/bin/gcc"
C: COBJOPT="-c -o options"
P: CPUFLAGS="-DSPEC_CPU -DNDEBUG"
P: BENCH_FLAGS=""
P: BENCH_CFLAGS="-DWANT_STDC_PROTO"
O: OPTIMIZE=""
O: COPTIMIZE="-O2"
P: PORTABILITY="-DSPEC_CPU_LP64"
P: CPORTABILITY=""
O: EXTRA_CFLAGS=""
O: EXTRA_OPTIMIZE=""
O: EXTRA_COPTIMIZE=""
P: EXTRA_PORTABILITY=""
P: EXTRA_CPORTABILITY=""
LINK: /usr/bin/gcc   -O2  -DSPEC_CPU_LP64        <objects>   -lm        -o options
C: LD="/usr/bin/gcc"
O: COPTIMIZE="-O2"
P: PORTABILITY="-DSPEC_CPU_LP64"
C: MATH_LIBS="-lm"
C: LDOUT="-o options"
