riscv64-unknown-linux-gnu-g++ -c -o EtherAppCli.o -DSPEC_CPU -DNDEBUG -I. -Iomnet_include -Ilibs/envir   -O2    -DSPEC_CPU_LP64  -static     EtherAppCli.cc
riscv64-unknown-linux-gnu-g++ -c -o EtherAppCli_n.o -DSPEC_CPU -DNDEBUG -I. -Iomnet_include -Ilibs/envir   -O2    -DSPEC_CPU_LP64  -static     EtherAppCli_n.cc
riscv64-unknown-linux-gnu-g++ -c -o EtherAppSrv.o -DSPEC_CPU -DNDEBUG -I. -Iomnet_include -Ilibs/envir   -O2    -DSPEC_CPU_LP64  -static     EtherAppSrv.cc
riscv64-unknown-linux-gnu-g++ -c -o EtherAppSrv_n.o -DSPEC_CPU -DNDEBUG -I. -Iomnet_include -Ilibs/envir   -O2    -DSPEC_CPU_LP64  -static     EtherAppSrv_n.cc
riscv64-unknown-linux-gnu-g++ -c -o EtherApp_m.o -DSPEC_CPU -DNDEBUG -I. -Iomnet_include -Ilibs/envir   -O2    -DSPEC_CPU_LP64  -static     EtherApp_m.cc
riscv64-unknown-linux-gnu-g++ -c -o EtherBus.o -DSPEC_CPU -DNDEBUG -I. -Iomnet_include -Ilibs/envir   -O2    -DSPEC_CPU_LP64  -static     EtherBus.cc
riscv64-unknown-linux-gnu-g++ -c -o EtherBus_n.o -DSPEC_CPU -DNDEBUG -I. -Iomnet_include -Ilibs/envir   -O2    -DSPEC_CPU_LP64  -static     EtherBus_n.cc
riscv64-unknown-linux-gnu-g++ -c -o EtherCtrl_m.o -DSPEC_CPU -DNDEBUG -I. -Iomnet_include -Ilibs/envir   -O2    -DSPEC_CPU_LP64  -static     EtherCtrl_m.cc
riscv64-unknown-linux-gnu-g++ -c -o EtherEncap.o -DSPEC_CPU -DNDEBUG -I. -Iomnet_include -Ilibs/envir   -O2    -DSPEC_CPU_LP64  -static     EtherEncap.cc
riscv64-unknown-linux-gnu-g++ -c -o EtherEncap_n.o -DSPEC_CPU -DNDEBUG -I. -Iomnet_include -Ilibs/envir   -O2    -DSPEC_CPU_LP64  -static     EtherEncap_n.cc
riscv64-unknown-linux-gnu-g++ -c -o EtherFrame_m.o -DSPEC_CPU -DNDEBUG -I. -Iomnet_include -Ilibs/envir   -O2    -DSPEC_CPU_LP64  -static     EtherFrame_m.cc
riscv64-unknown-linux-gnu-g++ -c -o EtherHost_n.o -DSPEC_CPU -DNDEBUG -I. -Iomnet_include -Ilibs/envir   -O2    -DSPEC_CPU_LP64  -static     EtherHost_n.cc
riscv64-unknown-linux-gnu-g++ -c -o EtherHub.o -DSPEC_CPU -DNDEBUG -I. -Iomnet_include -Ilibs/envir   -O2    -DSPEC_CPU_LP64  -static     EtherHub.cc
riscv64-unknown-linux-gnu-g++ -c -o EtherHub_n.o -DSPEC_CPU -DNDEBUG -I. -Iomnet_include -Ilibs/envir   -O2    -DSPEC_CPU_LP64  -static     EtherHub_n.cc
riscv64-unknown-linux-gnu-g++ -c -o EtherLLC.o -DSPEC_CPU -DNDEBUG -I. -Iomnet_include -Ilibs/envir   -O2    -DSPEC_CPU_LP64  -static     EtherLLC.cc
riscv64-unknown-linux-gnu-g++ -c -o EtherLLC_n.o -DSPEC_CPU -DNDEBUG -I. -Iomnet_include -Ilibs/envir   -O2    -DSPEC_CPU_LP64  -static     EtherLLC_n.cc
riscv64-unknown-linux-gnu-g++ -c -o EtherMAC.o -DSPEC_CPU -DNDEBUG -I. -Iomnet_include -Ilibs/envir   -O2    -DSPEC_CPU_LP64  -static     EtherMAC.cc
riscv64-unknown-linux-gnu-g++ -c -o EtherMAC_n.o -DSPEC_CPU -DNDEBUG -I. -Iomnet_include -Ilibs/envir   -O2    -DSPEC_CPU_LP64  -static     EtherMAC_n.cc
riscv64-unknown-linux-gnu-g++ -c -o EtherSwitch_n.o -DSPEC_CPU -DNDEBUG -I. -Iomnet_include -Ilibs/envir   -O2    -DSPEC_CPU_LP64  -static     EtherSwitch_n.cc
riscv64-unknown-linux-gnu-g++ -c -o LargeNet_n.o -DSPEC_CPU -DNDEBUG -I. -Iomnet_include -Ilibs/envir   -O2    -DSPEC_CPU_LP64  -static     LargeNet_n.cc
riscv64-unknown-linux-gnu-g++ -c -o MACAddress.o -DSPEC_CPU -DNDEBUG -I. -Iomnet_include -Ilibs/envir   -O2    -DSPEC_CPU_LP64  -static     MACAddress.cc
riscv64-unknown-linux-gnu-g++ -c -o MACAddress_m.o -DSPEC_CPU -DNDEBUG -I. -Iomnet_include -Ilibs/envir   -O2    -DSPEC_CPU_LP64  -static     MACAddress_m.cc
riscv64-unknown-linux-gnu-g++ -c -o MACRelayUnitBase.o -DSPEC_CPU -DNDEBUG -I. -Iomnet_include -Ilibs/envir   -O2    -DSPEC_CPU_LP64  -static     MACRelayUnitBase.cc
riscv64-unknown-linux-gnu-g++ -c -o MACRelayUnitNP.o -DSPEC_CPU -DNDEBUG -I. -Iomnet_include -Ilibs/envir   -O2    -DSPEC_CPU_LP64  -static     MACRelayUnitNP.cc
riscv64-unknown-linux-gnu-g++ -c -o MACRelayUnitNP_n.o -DSPEC_CPU -DNDEBUG -I. -Iomnet_include -Ilibs/envir   -O2    -DSPEC_CPU_LP64  -static     MACRelayUnitNP_n.cc
riscv64-unknown-linux-gnu-g++ -c -o MACRelayUnitPP.o -DSPEC_CPU -DNDEBUG -I. -Iomnet_include -Ilibs/envir   -O2    -DSPEC_CPU_LP64  -static     MACRelayUnitPP.cc
riscv64-unknown-linux-gnu-g++ -c -o MACRelayUnitPP_n.o -DSPEC_CPU -DNDEBUG -I. -Iomnet_include -Ilibs/envir   -O2    -DSPEC_CPU_LP64  -static     MACRelayUnitPP_n.cc
riscv64-unknown-linux-gnu-g++ -c -o MACRelayUnit_n.o -DSPEC_CPU -DNDEBUG -I. -Iomnet_include -Ilibs/envir   -O2    -DSPEC_CPU_LP64  -static     MACRelayUnit_n.cc
riscv64-unknown-linux-gnu-g++ -c -o Networks_n.o -DSPEC_CPU -DNDEBUG -I. -Iomnet_include -Ilibs/envir   -O2    -DSPEC_CPU_LP64  -static     Networks_n.cc
riscv64-unknown-linux-gnu-g++ -c -o eth-index_n.o -DSPEC_CPU -DNDEBUG -I. -Iomnet_include -Ilibs/envir   -O2    -DSPEC_CPU_LP64  -static     eth-index_n.cc
riscv64-unknown-linux-gnu-g++ -c -o utils.o -DSPEC_CPU -DNDEBUG -I. -Iomnet_include -Ilibs/envir   -O2    -DSPEC_CPU_LP64  -static     utils.cc
riscv64-unknown-linux-gnu-g++ -c -o libs/cmdenv/cmdenv.o -DSPEC_CPU -DNDEBUG -I. -Iomnet_include -Ilibs/envir   -O2    -DSPEC_CPU_LP64  -static     libs/cmdenv/cmdenv.cc
riscv64-unknown-linux-gnu-g++ -c -o libs/cmdenv/enumstr.o -DSPEC_CPU -DNDEBUG -I. -Iomnet_include -Ilibs/envir   -O2    -DSPEC_CPU_LP64  -static     libs/cmdenv/enumstr.cc
riscv64-unknown-linux-gnu-g++ -c -o libs/cmdenv/heap.o -DSPEC_CPU -DNDEBUG -I. -Iomnet_include -Ilibs/envir   -O2    -DSPEC_CPU_LP64  -static     libs/cmdenv/heap.cc
riscv64-unknown-linux-gnu-g++ -c -o libs/envir/akoutvectormgr.o -DSPEC_CPU -DNDEBUG -I. -Iomnet_include -Ilibs/envir   -O2    -DSPEC_CPU_LP64  -static     libs/envir/akoutvectormgr.cc
riscv64-unknown-linux-gnu-g++ -c -o libs/envir/args.o -DSPEC_CPU -DNDEBUG -I. -Iomnet_include -Ilibs/envir   -O2    -DSPEC_CPU_LP64  -static     libs/envir/args.cc
riscv64-unknown-linux-gnu-g++ -c -o libs/envir/cenvir.o -DSPEC_CPU -DNDEBUG -I. -Iomnet_include -Ilibs/envir   -O2    -DSPEC_CPU_LP64  -static     libs/envir/cenvir.cc
riscv64-unknown-linux-gnu-g++ -c -o libs/envir/cinifile.o -DSPEC_CPU -DNDEBUG -I. -Iomnet_include -Ilibs/envir   -O2    -DSPEC_CPU_LP64  -static     libs/envir/cinifile.cc
riscv64-unknown-linux-gnu-g++ -c -o libs/envir/filemgrs.o -DSPEC_CPU -DNDEBUG -I. -Iomnet_include -Ilibs/envir   -O2    -DSPEC_CPU_LP64  -static     libs/envir/filemgrs.cc
riscv64-unknown-linux-gnu-g++ -c -o libs/envir/main.o -DSPEC_CPU -DNDEBUG -I. -Iomnet_include -Ilibs/envir   -O2    -DSPEC_CPU_LP64  -static     libs/envir/main.cc
riscv64-unknown-linux-gnu-g++ -c -o libs/envir/omnetapp.o -DSPEC_CPU -DNDEBUG -I. -Iomnet_include -Ilibs/envir   -O2    -DSPEC_CPU_LP64  -static     libs/envir/omnetapp.cc
riscv64-unknown-linux-gnu-g++ -c -o libs/envir/patmatch.o -DSPEC_CPU -DNDEBUG -I. -Iomnet_include -Ilibs/envir   -O2    -DSPEC_CPU_LP64  -static     libs/envir/patmatch.cc
riscv64-unknown-linux-gnu-g++ -c -o libs/envir/platdep.o -DSPEC_CPU -DNDEBUG -I. -Iomnet_include -Ilibs/envir   -O2    -DSPEC_CPU_LP64  -static     libs/envir/platdep.cc
riscv64-unknown-linux-gnu-g++ -c -o libs/envir/seeds.o -DSPEC_CPU -DNDEBUG -I. -Iomnet_include -Ilibs/envir   -O2    -DSPEC_CPU_LP64  -static     libs/envir/seeds.cc
riscv64-unknown-linux-gnu-g++ -c -o libs/envir/slaveapp.o -DSPEC_CPU -DNDEBUG -I. -Iomnet_include -Ilibs/envir   -O2    -DSPEC_CPU_LP64  -static     libs/envir/slaveapp.cc
riscv64-unknown-linux-gnu-g++ -c -o libs/envir/speedmtr.o -DSPEC_CPU -DNDEBUG -I. -Iomnet_include -Ilibs/envir   -O2    -DSPEC_CPU_LP64  -static     libs/envir/speedmtr.cc
riscv64-unknown-linux-gnu-g++ -c -o libs/sim/carray.o -DSPEC_CPU -DNDEBUG -I. -Iomnet_include -Ilibs/envir   -O2    -DSPEC_CPU_LP64  -static     libs/sim/carray.cc
riscv64-unknown-linux-gnu-g++ -c -o libs/sim/cexception.o -DSPEC_CPU -DNDEBUG -I. -Iomnet_include -Ilibs/envir   -O2    -DSPEC_CPU_LP64  -static     libs/sim/cexception.cc
riscv64-unknown-linux-gnu-g++ -c -o libs/sim/cmessage.o -DSPEC_CPU -DNDEBUG -I. -Iomnet_include -Ilibs/envir   -O2    -DSPEC_CPU_LP64  -static     libs/sim/cmessage.cc
riscv64-unknown-linux-gnu-g++ -c -o libs/sim/cpar.o -DSPEC_CPU -DNDEBUG -I. -Iomnet_include -Ilibs/envir   -O2    -DSPEC_CPU_LP64  -static     libs/sim/cpar.cc
riscv64-unknown-linux-gnu-g++ -c -o libs/sim/ctypes.o -DSPEC_CPU -DNDEBUG -I. -Iomnet_include -Ilibs/envir   -O2    -DSPEC_CPU_LP64  -static     libs/sim/ctypes.cc
riscv64-unknown-linux-gnu-g++ -c -o libs/sim/task.o -DSPEC_CPU -DNDEBUG -I. -Iomnet_include -Ilibs/envir   -O2    -DSPEC_CPU_LP64  -static     libs/sim/task.cc
riscv64-unknown-linux-gnu-g++ -c -o libs/sim/cchannel.o -DSPEC_CPU -DNDEBUG -I. -Iomnet_include -Ilibs/envir   -O2    -DSPEC_CPU_LP64  -static     libs/sim/cchannel.cc
riscv64-unknown-linux-gnu-g++ -c -o libs/sim/cfsm.o -DSPEC_CPU -DNDEBUG -I. -Iomnet_include -Ilibs/envir   -O2    -DSPEC_CPU_LP64  -static     libs/sim/cfsm.cc
riscv64-unknown-linux-gnu-g++ -c -o libs/sim/cmodule.o -DSPEC_CPU -DNDEBUG -I. -Iomnet_include -Ilibs/envir   -O2    -DSPEC_CPU_LP64  -static     libs/sim/cmodule.cc
riscv64-unknown-linux-gnu-g++ -c -o libs/sim/cpsquare.o -DSPEC_CPU -DNDEBUG -I. -Iomnet_include -Ilibs/envir   -O2    -DSPEC_CPU_LP64  -static     libs/sim/cpsquare.cc
riscv64-unknown-linux-gnu-g++ -c -o libs/sim/cvarhist.o -DSPEC_CPU -DNDEBUG -I. -Iomnet_include -Ilibs/envir   -O2    -DSPEC_CPU_LP64  -static     libs/sim/cvarhist.cc
riscv64-unknown-linux-gnu-g++ -c -o libs/sim/util.o -DSPEC_CPU -DNDEBUG -I. -Iomnet_include -Ilibs/envir   -O2    -DSPEC_CPU_LP64  -static     libs/sim/util.cc
riscv64-unknown-linux-gnu-g++ -c -o libs/sim/ccoroutine.o -DSPEC_CPU -DNDEBUG -I. -Iomnet_include -Ilibs/envir   -O2    -DSPEC_CPU_LP64  -static     libs/sim/ccoroutine.cc
riscv64-unknown-linux-gnu-g++ -c -o libs/sim/cgate.o -DSPEC_CPU -DNDEBUG -I. -Iomnet_include -Ilibs/envir   -O2    -DSPEC_CPU_LP64  -static     libs/sim/cgate.cc
riscv64-unknown-linux-gnu-g++ -c -o libs/sim/cmsgheap.o -DSPEC_CPU -DNDEBUG -I. -Iomnet_include -Ilibs/envir   -O2    -DSPEC_CPU_LP64  -static     libs/sim/cmsgheap.cc
riscv64-unknown-linux-gnu-g++ -c -o libs/sim/cqueue.o -DSPEC_CPU -DNDEBUG -I. -Iomnet_include -Ilibs/envir   -O2    -DSPEC_CPU_LP64  -static     libs/sim/cqueue.cc
riscv64-unknown-linux-gnu-g++ -c -o libs/sim/cwatch.o -DSPEC_CPU -DNDEBUG -I. -Iomnet_include -Ilibs/envir   -O2    -DSPEC_CPU_LP64  -static     libs/sim/cwatch.cc
riscv64-unknown-linux-gnu-g++ -c -o libs/sim/cdensity.o -DSPEC_CPU -DNDEBUG -I. -Iomnet_include -Ilibs/envir   -O2    -DSPEC_CPU_LP64  -static     libs/sim/cdensity.cc
riscv64-unknown-linux-gnu-g++ -c -o libs/sim/chead.o -DSPEC_CPU -DNDEBUG -I. -Iomnet_include -Ilibs/envir   -O2    -DSPEC_CPU_LP64  -static     libs/sim/chead.cc
riscv64-unknown-linux-gnu-g++ -c -o libs/sim/cnetmod.o -DSPEC_CPU -DNDEBUG -I. -Iomnet_include -Ilibs/envir   -O2    -DSPEC_CPU_LP64  -static     libs/sim/cnetmod.cc
riscv64-unknown-linux-gnu-g++ -c -o libs/sim/csimul.o -DSPEC_CPU -DNDEBUG -I. -Iomnet_include -Ilibs/envir   -O2    -DSPEC_CPU_LP64  -static     libs/sim/csimul.cc
riscv64-unknown-linux-gnu-g++ -c -o libs/sim/distrib.o -DSPEC_CPU -DNDEBUG -I. -Iomnet_include -Ilibs/envir   -O2    -DSPEC_CPU_LP64  -static     libs/sim/distrib.cc
riscv64-unknown-linux-gnu-g++ -c -o libs/sim/cdetect.o -DSPEC_CPU -DNDEBUG -I. -Iomnet_include -Ilibs/envir   -O2    -DSPEC_CPU_LP64  -static     libs/sim/cdetect.cc
riscv64-unknown-linux-gnu-g++ -c -o libs/sim/chist.o -DSPEC_CPU -DNDEBUG -I. -Iomnet_include -Ilibs/envir   -O2    -DSPEC_CPU_LP64  -static     libs/sim/chist.cc
riscv64-unknown-linux-gnu-g++ -c -o libs/sim/cobject.o -DSPEC_CPU -DNDEBUG -I. -Iomnet_include -Ilibs/envir   -O2    -DSPEC_CPU_LP64  -static     libs/sim/cobject.cc
riscv64-unknown-linux-gnu-g++ -c -o libs/sim/cstat.o -DSPEC_CPU -DNDEBUG -I. -Iomnet_include -Ilibs/envir   -O2    -DSPEC_CPU_LP64  -static     libs/sim/cstat.cc
riscv64-unknown-linux-gnu-g++ -c -o libs/sim/errmsg.o -DSPEC_CPU -DNDEBUG -I. -Iomnet_include -Ilibs/envir   -O2    -DSPEC_CPU_LP64  -static     libs/sim/errmsg.cc
riscv64-unknown-linux-gnu-g++ -c -o libs/sim/cdispstr.o -DSPEC_CPU -DNDEBUG -I. -Iomnet_include -Ilibs/envir   -O2    -DSPEC_CPU_LP64  -static     libs/sim/cdispstr.cc
riscv64-unknown-linux-gnu-g++ -c -o libs/sim/cksplit.o -DSPEC_CPU -DNDEBUG -I. -Iomnet_include -Ilibs/envir   -O2    -DSPEC_CPU_LP64  -static     libs/sim/cksplit.cc
riscv64-unknown-linux-gnu-g++ -c -o libs/sim/coutvect.o -DSPEC_CPU -DNDEBUG -I. -Iomnet_include -Ilibs/envir   -O2    -DSPEC_CPU_LP64  -static     libs/sim/coutvect.cc
riscv64-unknown-linux-gnu-g++ -c -o libs/sim/cstruct.o -DSPEC_CPU -DNDEBUG -I. -Iomnet_include -Ilibs/envir   -O2    -DSPEC_CPU_LP64  -static     libs/sim/cstruct.cc
riscv64-unknown-linux-gnu-g++ -c -o libs/sim/onstartup.o -DSPEC_CPU -DNDEBUG -I. -Iomnet_include -Ilibs/envir   -O2    -DSPEC_CPU_LP64  -static     libs/sim/onstartup.cc
riscv64-unknown-linux-gnu-g++ -c -o libs/sim/cenum.o -DSPEC_CPU -DNDEBUG -I. -Iomnet_include -Ilibs/envir   -O2    -DSPEC_CPU_LP64  -static     libs/sim/cenum.cc
riscv64-unknown-linux-gnu-g++ -c -o libs/sim/cllist.o -DSPEC_CPU -DNDEBUG -I. -Iomnet_include -Ilibs/envir   -O2    -DSPEC_CPU_LP64  -static     libs/sim/cllist.cc
riscv64-unknown-linux-gnu-g++ -c -o libs/sim/cpacket.o -DSPEC_CPU -DNDEBUG -I. -Iomnet_include -Ilibs/envir   -O2    -DSPEC_CPU_LP64  -static     libs/sim/cpacket.cc
riscv64-unknown-linux-gnu-g++ -c -o libs/sim/ctopo.o -DSPEC_CPU -DNDEBUG -I. -Iomnet_include -Ilibs/envir   -O2    -DSPEC_CPU_LP64  -static     libs/sim/ctopo.cc
riscv64-unknown-linux-gnu-g++ -c -o libs/sim/random.o -DSPEC_CPU -DNDEBUG -I. -Iomnet_include -Ilibs/envir   -O2    -DSPEC_CPU_LP64  -static     libs/sim/random.cc
riscv64-unknown-linux-gnu-g++ -c -o libs/sim/std/netpack.o -DSPEC_CPU -DNDEBUG -I. -Iomnet_include -Ilibs/envir   -O2    -DSPEC_CPU_LP64  -static     libs/sim/std/netpack.cc
riscv64-unknown-linux-gnu-g++ -c -o libs/spec/spec_qsort.o -DSPEC_CPU -DNDEBUG -I. -Iomnet_include -Ilibs/envir   -O2    -DSPEC_CPU_LP64  -static     libs/spec/spec_qsort.cc
riscv64-unknown-linux-gnu-g++ -static  -O2   -DSPEC_CPU_LP64        EtherAppCli.o EtherAppCli_n.o EtherAppSrv.o EtherAppSrv_n.o EtherApp_m.o EtherBus.o EtherBus_n.o EtherCtrl_m.o EtherEncap.o EtherEncap_n.o EtherFrame_m.o EtherHost_n.o EtherHub.o EtherHub_n.o EtherLLC.o EtherLLC_n.o EtherMAC.o EtherMAC_n.o EtherSwitch_n.o LargeNet_n.o MACAddress.o MACAddress_m.o MACRelayUnitBase.o MACRelayUnitNP.o MACRelayUnitNP_n.o MACRelayUnitPP.o MACRelayUnitPP_n.o MACRelayUnit_n.o Networks_n.o eth-index_n.o utils.o libs/cmdenv/cmdenv.o libs/cmdenv/enumstr.o libs/cmdenv/heap.o libs/envir/akoutvectormgr.o libs/envir/args.o libs/envir/cenvir.o libs/envir/cinifile.o libs/envir/filemgrs.o libs/envir/main.o libs/envir/omnetapp.o libs/envir/patmatch.o libs/envir/platdep.o libs/envir/seeds.o libs/envir/slaveapp.o libs/envir/speedmtr.o libs/sim/carray.o libs/sim/cexception.o libs/sim/cmessage.o libs/sim/cpar.o libs/sim/ctypes.o libs/sim/task.o libs/sim/cchannel.o libs/sim/cfsm.o libs/sim/cmodule.o libs/sim/cpsquare.o libs/sim/cvarhist.o libs/sim/util.o libs/sim/ccoroutine.o libs/sim/cgate.o libs/sim/cmsgheap.o libs/sim/cqueue.o libs/sim/cwatch.o libs/sim/cdensity.o libs/sim/chead.o libs/sim/cnetmod.o libs/sim/csimul.o libs/sim/distrib.o libs/sim/cdetect.o libs/sim/chist.o libs/sim/cobject.o libs/sim/cstat.o libs/sim/errmsg.o libs/sim/cdispstr.o libs/sim/cksplit.o libs/sim/coutvect.o libs/sim/cstruct.o libs/sim/onstartup.o libs/sim/cenum.o libs/sim/cllist.o libs/sim/cpacket.o libs/sim/ctopo.o libs/sim/random.o libs/sim/std/netpack.o libs/spec/spec_qsort.o                     -o omnetpp
