COMP: riscv64-unknown-linux-gnu-g++ -c -o options.o -DSPEC_CPU -DNDEBUG -I. -Iomnet_include -Ilibs/envir   -O2    -DSPEC_CPU_LP64  -static     <source>
C: CXXC="riscv64-unknown-linux-gnu-g++"
C: CXXOBJOPT="-c -o options"
P: CPUFLAGS="-DSPEC_CPU -DNDEBUG"
P: BENCH_FLAGS="-I. -Iomnet_include -Ilibs/envir"
P: BENCH_CXXFLAGS=""
O: OPTIMIZE=""
O: CXXOPTIMIZE="-O2 "
P: PORTABILITY="-DSPEC_CPU_LP64"
P: CXXPORTABILITY=""
O: EXTRA_CXXFLAGS="-static"
O: EXTRA_OPTIMIZE=""
O: EXTRA_CXXOPTIMIZE=""
P: EXTRA_PORTABILITY=""
P: EXTRA_CXXPORTABILITY=""
LINK: riscv64-unknown-linux-gnu-g++ -static  -O2   -DSPEC_CPU_LP64        <objects>           -o options
C: LD="riscv64-unknown-linux-gnu-g++"
O: LDCXXFLAGS="-static"
O: CXXOPTIMIZE="-O2 "
P: PORTABILITY="-DSPEC_CPU_LP64"
C: LDOUT="-o options"
